active_user_count 7833319
counts.boards 2014946
counts.ci_builds 955593243
counts.ci_internal_pipelines 235402414
counts.ci_external_pipelines 8644047
counts.ci_pipeline_config_auto_devops 2767585
counts.ci_pipeline_config_repository 220300554
counts.ci_triggers 80884
counts.ci_pipeline_schedules 72018
counts.auto_devops_enabled 87079
counts.auto_devops_disabled 1279736
counts.deployments 128887007
counts.successful_deployments 50529085
counts.failed_deployments 8263659
counts.environments 3410282
counts.clusters 58161
counts.clusters_enabled 54350
counts.project_clusters_enabled 42752
counts.group_clusters_enabled 11598
counts.instance_clusters_enabled 0
counts.clusters_disabled 3811
counts.project_clusters_disabled 3110
counts.group_clusters_disabled 701
counts.instance_clusters_disabled 0
counts.clusters_platforms_eks 470
counts.clusters_platforms_gke 13292
counts.clusters_platforms_user 35264
counts.clusters_management_project 000904 (42000): SQL compilation error: error line 1 at position 213
invalid identifier 'CLUSTERS.MANAGEMENT_PROJECT_ID'
counts.kubernetes_agents 6
counts.in_review_folder 869950
counts.grafana_integrated_projects 376
counts.groups 2053781
counts.issues 68275637
counts.issues_with_associated_zoom_link 425
counts.issues_using_zoom_quick_actions 472
counts.issues_with_embedded_grafana_charts_approx 51
counts.issues_created_from_alerts 001003 (42000): SQL compilation error:
syntax error line 1 at position 363 unexpected 'COUNT'.
counts.issues_created_gitlab_alerts 3429
counts.issues_created_manually_from_alerts 3429
counts.incident_issues 24771
counts.alert_bot_incident_issues 0
counts.incident_labeled_issues 000904 (42000): SQL compilation error: error line 1 at position 533
invalid identifier 'LABELS.DESCRIPTION'
counts.milestones 1414999
counts.projects_with_packages 31733
counts.packages 996218
counts.pages_domains 56504
counts.pool_repositories 53773
counts.projects 19856545
counts.projects_creating_incidents 5819
counts.projects_imported_from_github 1398201
counts.projects_with_repositories_enabled 19561661
counts.projects_with_tracing_enabled 176
counts.projects_with_error_tracking_enabled 5208
counts.projects_with_alerts_service_enabled 500
counts.projects_with_alerts_created 280
counts.projects_with_enabled_alert_integrations 546
counts.projects_with_prometheus_alerts 3804
counts.projects_with_terraform_reports 002003 (42S02): SQL compilation error:
Object 'PREP.GITLAB_DOTCOM.GITLAB_DOTCOM_CI_JOB_ARTIFACTS_DEDUPE_SOURCE' does not exist or not authorized.
counts.projects_with_terraform_states 2496
counts.protected_branches 16956652
counts.protected_branches_except_default 1292347
counts.releases 1611114
counts.remote_mirrors 85334
counts.personal_snippets 236657
counts.project_snippets 128852
counts.terraform_reports 002003 (42S02): SQL compilation error:
Object 'PREP.GITLAB_DOTCOM.GITLAB_DOTCOM_CI_JOB_ARTIFACTS_DEDUPE_SOURCE' does not exist or not authorized.
counts.terraform_states 6350
counts.todos 85832866
counts.web_hooks 002003 (42S02): SQL compilation error:
Object 'PREP.GITLAB_DOTCOM.GITLAB_DOTCOM_WEB_HOOKS_DEDUPE_SOURCE' does not exist or not authorized.
counts.merge_requests 69425243
counts.notes 419092278
counts.projects_alerts_active 500
counts.groups_alerts_active 000904 (42000): SQL compilation error: error line 1 at position 233
invalid identifier 'SERVICES.GROUP_ID'
counts.templates_alerts_active 0
counts.instances_alerts_active 000904 (42000): SQL compilation error: error line 1 at position 236
invalid identifier 'SERVICES.INSTANCE'
counts.projects_inheriting_alerts_active 000904 (42000): SQL compilation error: error line 1 at position 282
invalid identifier 'SERVICES.INHERIT_FROM_ID'
counts.groups_inheriting_alerts_active 000904 (42000): SQL compilation error: error line 1 at position 244
invalid identifier 'SERVICES.GROUP_ID'
counts.projects_asana_active 3207
counts.groups_asana_active 000904 (42000): SQL compilation error: error line 1 at position 232
invalid identifier 'SERVICES.GROUP_ID'
counts.templates_asana_active 0
counts.instances_asana_active 000904 (42000): SQL compilation error: error line 1 at position 235
invalid identifier 'SERVICES.INSTANCE'
counts.projects_inheriting_asana_active 000904 (42000): SQL compilation error: error line 1 at position 281
invalid identifier 'SERVICES.INHERIT_FROM_ID'
counts.groups_inheriting_asana_active 000904 (42000): SQL compilation error: error line 1 at position 243
invalid identifier 'SERVICES.GROUP_ID'
counts.projects_assembla_active 74
counts.groups_assembla_active 000904 (42000): SQL compilation error: error line 1 at position 235
invalid identifier 'SERVICES.GROUP_ID'
counts.templates_assembla_active 0
counts.instances_assembla_active 000904 (42000): SQL compilation error: error line 1 at position 238
invalid identifier 'SERVICES.INSTANCE'
counts.projects_inheriting_assembla_active 000904 (42000): SQL compilation error: error line 1 at position 284
invalid identifier 'SERVICES.INHERIT_FROM_ID'
counts.groups_inheriting_assembla_active 000904 (42000): SQL compilation error: error line 1 at position 246
invalid identifier 'SERVICES.GROUP_ID'
counts.projects_bamboo_active 107
counts.groups_bamboo_active 000904 (42000): SQL compilation error: error line 1 at position 233
invalid identifier 'SERVICES.GROUP_ID'
counts.templates_bamboo_active 0
counts.instances_bamboo_active 000904 (42000): SQL compilation error: error line 1 at position 236
invalid identifier 'SERVICES.INSTANCE'
counts.projects_inheriting_bamboo_active 000904 (42000): SQL compilation error: error line 1 at position 282
invalid identifier 'SERVICES.INHERIT_FROM_ID'
counts.groups_inheriting_bamboo_active 000904 (42000): SQL compilation error: error line 1 at position 244
invalid identifier 'SERVICES.GROUP_ID'
counts.projects_bugzilla_active 197
counts.groups_bugzilla_active 000904 (42000): SQL compilation error: error line 1 at position 235
invalid identifier 'SERVICES.GROUP_ID'
counts.templates_bugzilla_active 0
counts.instances_bugzilla_active 000904 (42000): SQL compilation error: error line 1 at position 238
invalid identifier 'SERVICES.INSTANCE'
counts.projects_inheriting_bugzilla_active 000904 (42000): SQL compilation error: error line 1 at position 284
invalid identifier 'SERVICES.INHERIT_FROM_ID'
counts.groups_inheriting_bugzilla_active 000904 (42000): SQL compilation error: error line 1 at position 246
invalid identifier 'SERVICES.GROUP_ID'
counts.projects_buildkite_active 375
counts.groups_buildkite_active 000904 (42000): SQL compilation error: error line 1 at position 236
invalid identifier 'SERVICES.GROUP_ID'
counts.templates_buildkite_active 0
counts.instances_buildkite_active 000904 (42000): SQL compilation error: error line 1 at position 239
invalid identifier 'SERVICES.INSTANCE'
counts.projects_inheriting_buildkite_active 000904 (42000): SQL compilation error: error line 1 at position 285
invalid identifier 'SERVICES.INHERIT_FROM_ID'
counts.groups_inheriting_buildkite_active 000904 (42000): SQL compilation error: error line 1 at position 247
invalid identifier 'SERVICES.GROUP_ID'
counts.projects_campfire_active 76
counts.groups_campfire_active 000904 (42000): SQL compilation error: error line 1 at position 235
invalid identifier 'SERVICES.GROUP_ID'
counts.templates_campfire_active 0
counts.instances_campfire_active 000904 (42000): SQL compilation error: error line 1 at position 238
invalid identifier 'SERVICES.INSTANCE'
counts.projects_inheriting_campfire_active 000904 (42000): SQL compilation error: error line 1 at position 284
invalid identifier 'SERVICES.INHERIT_FROM_ID'
counts.groups_inheriting_campfire_active 000904 (42000): SQL compilation error: error line 1 at position 246
invalid identifier 'SERVICES.GROUP_ID'
counts.projects_confluence_active 2458
counts.groups_confluence_active 000904 (42000): SQL compilation error: error line 1 at position 237
invalid identifier 'SERVICES.GROUP_ID'
counts.templates_confluence_active 0
counts.instances_confluence_active 000904 (42000): SQL compilation error: error line 1 at position 240
invalid identifier 'SERVICES.INSTANCE'
counts.projects_inheriting_confluence_active 000904 (42000): SQL compilation error: error line 1 at position 286
invalid identifier 'SERVICES.INHERIT_FROM_ID'
counts.groups_inheriting_confluence_active 000904 (42000): SQL compilation error: error line 1 at position 248
invalid identifier 'SERVICES.GROUP_ID'
counts.projects_custom_issue_tracker_active 3501
counts.groups_custom_issue_tracker_active 000904 (42000): SQL compilation error: error line 1 at position 247
invalid identifier 'SERVICES.GROUP_ID'
counts.templates_custom_issue_tracker_active 0
counts.instances_custom_issue_tracker_active 000904 (42000): SQL compilation error: error line 1 at position 250
invalid identifier 'SERVICES.INSTANCE'
counts.projects_inheriting_custom_issue_tracker_active 000904 (42000): SQL compilation error: error line 1 at position 296
invalid identifier 'SERVICES.INHERIT_FROM_ID'
counts.groups_inheriting_custom_issue_tracker_active 000904 (42000): SQL compilation error: error line 1 at position 258
invalid identifier 'SERVICES.GROUP_ID'
counts.projects_datadog_active 2594
counts.groups_datadog_active 000904 (42000): SQL compilation error: error line 1 at position 234
invalid identifier 'SERVICES.GROUP_ID'
counts.templates_datadog_active 0
counts.instances_datadog_active 000904 (42000): SQL compilation error: error line 1 at position 237
invalid identifier 'SERVICES.INSTANCE'
counts.projects_inheriting_datadog_active 000904 (42000): SQL compilation error: error line 1 at position 283
invalid identifier 'SERVICES.INHERIT_FROM_ID'
counts.groups_inheriting_datadog_active 000904 (42000): SQL compilation error: error line 1 at position 245
invalid identifier 'SERVICES.GROUP_ID'
counts.projects_discord_active 27624
counts.groups_discord_active 000904 (42000): SQL compilation error: error line 1 at position 234
invalid identifier 'SERVICES.GROUP_ID'
counts.templates_discord_active 0
counts.instances_discord_active 000904 (42000): SQL compilation error: error line 1 at position 237
invalid identifier 'SERVICES.INSTANCE'
counts.projects_inheriting_discord_active 000904 (42000): SQL compilation error: error line 1 at position 283
invalid identifier 'SERVICES.INHERIT_FROM_ID'
counts.groups_inheriting_discord_active 000904 (42000): SQL compilation error: error line 1 at position 245
invalid identifier 'SERVICES.GROUP_ID'
counts.projects_drone_ci_active 1945
counts.groups_drone_ci_active 000904 (42000): SQL compilation error: error line 1 at position 235
invalid identifier 'SERVICES.GROUP_ID'
counts.templates_drone_ci_active 0
counts.instances_drone_ci_active 000904 (42000): SQL compilation error: error line 1 at position 238
invalid identifier 'SERVICES.INSTANCE'
counts.projects_inheriting_drone_ci_active 000904 (42000): SQL compilation error: error line 1 at position 284
invalid identifier 'SERVICES.INHERIT_FROM_ID'
counts.groups_inheriting_drone_ci_active 000904 (42000): SQL compilation error: error line 1 at position 246
invalid identifier 'SERVICES.GROUP_ID'
counts.projects_emails_on_push_active 18754
counts.groups_emails_on_push_active 000904 (42000): SQL compilation error: error line 1 at position 241
invalid identifier 'SERVICES.GROUP_ID'
counts.templates_emails_on_push_active 0
counts.instances_emails_on_push_active 000904 (42000): SQL compilation error: error line 1 at position 244
invalid identifier 'SERVICES.INSTANCE'
counts.projects_inheriting_emails_on_push_active 000904 (42000): SQL compilation error: error line 1 at position 290
invalid identifier 'SERVICES.INHERIT_FROM_ID'
counts.groups_inheriting_emails_on_push_active 000904 (42000): SQL compilation error: error line 1 at position 252
invalid identifier 'SERVICES.GROUP_ID'
counts.projects_ewm_active 2
counts.groups_ewm_active 000904 (42000): SQL compilation error: error line 1 at position 230
invalid identifier 'SERVICES.GROUP_ID'
counts.templates_ewm_active 0
counts.instances_ewm_active 000904 (42000): SQL compilation error: error line 1 at position 233
invalid identifier 'SERVICES.INSTANCE'
counts.projects_inheriting_ewm_active 000904 (42000): SQL compilation error: error line 1 at position 279
invalid identifier 'SERVICES.INHERIT_FROM_ID'
counts.groups_inheriting_ewm_active 000904 (42000): SQL compilation error: error line 1 at position 241
invalid identifier 'SERVICES.GROUP_ID'
counts.projects_external_wiki_active 2186
counts.groups_external_wiki_active 000904 (42000): SQL compilation error: error line 1 at position 240
invalid identifier 'SERVICES.GROUP_ID'
counts.templates_external_wiki_active 0
counts.instances_external_wiki_active 000904 (42000): SQL compilation error: error line 1 at position 243
invalid identifier 'SERVICES.INSTANCE'
counts.projects_inheriting_external_wiki_active 000904 (42000): SQL compilation error: error line 1 at position 289
invalid identifier 'SERVICES.INHERIT_FROM_ID'
counts.groups_inheriting_external_wiki_active 000904 (42000): SQL compilation error: error line 1 at position 251
invalid identifier 'SERVICES.GROUP_ID'
counts.projects_flowdock_active 406
counts.groups_flowdock_active 000904 (42000): SQL compilation error: error line 1 at position 235
invalid identifier 'SERVICES.GROUP_ID'
counts.templates_flowdock_active 0
counts.instances_flowdock_active 000904 (42000): SQL compilation error: error line 1 at position 238
invalid identifier 'SERVICES.INSTANCE'
counts.projects_inheriting_flowdock_active 000904 (42000): SQL compilation error: error line 1 at position 284
invalid identifier 'SERVICES.INHERIT_FROM_ID'
counts.groups_inheriting_flowdock_active 000904 (42000): SQL compilation error: error line 1 at position 246
invalid identifier 'SERVICES.GROUP_ID'
counts.projects_github_active 86557
counts.groups_github_active 000904 (42000): SQL compilation error: error line 1 at position 233
invalid identifier 'SERVICES.GROUP_ID'
counts.templates_github_active 0
counts.instances_github_active 000904 (42000): SQL compilation error: error line 1 at position 236
invalid identifier 'SERVICES.INSTANCE'
counts.projects_inheriting_github_active 000904 (42000): SQL compilation error: error line 1 at position 282
invalid identifier 'SERVICES.INHERIT_FROM_ID'
counts.groups_inheriting_github_active 000904 (42000): SQL compilation error: error line 1 at position 244
invalid identifier 'SERVICES.GROUP_ID'
counts.projects_hangouts_chat_active 5671
counts.groups_hangouts_chat_active 000904 (42000): SQL compilation error: error line 1 at position 240
invalid identifier 'SERVICES.GROUP_ID'
counts.templates_hangouts_chat_active 0
counts.instances_hangouts_chat_active 000904 (42000): SQL compilation error: error line 1 at position 243
invalid identifier 'SERVICES.INSTANCE'
counts.projects_inheriting_hangouts_chat_active 000904 (42000): SQL compilation error: error line 1 at position 289
invalid identifier 'SERVICES.INHERIT_FROM_ID'
counts.groups_inheriting_hangouts_chat_active 000904 (42000): SQL compilation error: error line 1 at position 251
invalid identifier 'SERVICES.GROUP_ID'
counts.projects_hipchat_active 100
counts.groups_hipchat_active 000904 (42000): SQL compilation error: error line 1 at position 234
invalid identifier 'SERVICES.GROUP_ID'
counts.templates_hipchat_active 0
counts.instances_hipchat_active 000904 (42000): SQL compilation error: error line 1 at position 237
invalid identifier 'SERVICES.INSTANCE'
counts.projects_inheriting_hipchat_active 000904 (42000): SQL compilation error: error line 1 at position 283
invalid identifier 'SERVICES.INHERIT_FROM_ID'
counts.groups_inheriting_hipchat_active 000904 (42000): SQL compilation error: error line 1 at position 245
invalid identifier 'SERVICES.GROUP_ID'
counts.projects_irker_active 258
counts.groups_irker_active 000904 (42000): SQL compilation error: error line 1 at position 232
invalid identifier 'SERVICES.GROUP_ID'
counts.templates_irker_active 0
counts.instances_irker_active 000904 (42000): SQL compilation error: error line 1 at position 235
invalid identifier 'SERVICES.INSTANCE'
counts.projects_inheriting_irker_active 000904 (42000): SQL compilation error: error line 1 at position 281
invalid identifier 'SERVICES.INHERIT_FROM_ID'
counts.groups_inheriting_irker_active 000904 (42000): SQL compilation error: error line 1 at position 243
invalid identifier 'SERVICES.GROUP_ID'
counts.projects_jenkins_active 8639
counts.groups_jenkins_active 000904 (42000): SQL compilation error: error line 1 at position 234
invalid identifier 'SERVICES.GROUP_ID'
counts.templates_jenkins_active 0
counts.instances_jenkins_active 000904 (42000): SQL compilation error: error line 1 at position 237
invalid identifier 'SERVICES.INSTANCE'
counts.projects_inheriting_jenkins_active 000904 (42000): SQL compilation error: error line 1 at position 283
invalid identifier 'SERVICES.INHERIT_FROM_ID'
counts.groups_inheriting_jenkins_active 000904 (42000): SQL compilation error: error line 1 at position 245
invalid identifier 'SERVICES.GROUP_ID'
counts.projects_jira_active 147146
counts.groups_jira_active 000904 (42000): SQL compilation error: error line 1 at position 231
invalid identifier 'SERVICES.GROUP_ID'
counts.templates_jira_active 0
counts.instances_jira_active 000904 (42000): SQL compilation error: error line 1 at position 234
invalid identifier 'SERVICES.INSTANCE'
counts.projects_inheriting_jira_active 000904 (42000): SQL compilation error: error line 1 at position 280
invalid identifier 'SERVICES.INHERIT_FROM_ID'
counts.groups_inheriting_jira_active 000904 (42000): SQL compilation error: error line 1 at position 242
invalid identifier 'SERVICES.GROUP_ID'
counts.projects_mattermost_active 6848
counts.groups_mattermost_active 000904 (42000): SQL compilation error: error line 1 at position 237
invalid identifier 'SERVICES.GROUP_ID'
counts.templates_mattermost_active 0
counts.instances_mattermost_active 000904 (42000): SQL compilation error: error line 1 at position 240
invalid identifier 'SERVICES.INSTANCE'
counts.projects_inheriting_mattermost_active 000904 (42000): SQL compilation error: error line 1 at position 286
invalid identifier 'SERVICES.INHERIT_FROM_ID'
counts.groups_inheriting_mattermost_active 000904 (42000): SQL compilation error: error line 1 at position 248
invalid identifier 'SERVICES.GROUP_ID'
counts.projects_mattermost_slash_commands_active 777
counts.groups_mattermost_slash_commands_active 000904 (42000): SQL compilation error: error line 1 at position 252
invalid identifier 'SERVICES.GROUP_ID'
counts.templates_mattermost_slash_commands_active 0
counts.instances_mattermost_slash_commands_active 000904 (42000): SQL compilation error: error line 1 at position 255
invalid identifier 'SERVICES.INSTANCE'
counts.projects_inheriting_mattermost_slash_commands_active 000904 (42000): SQL compilation error: error line 1 at position 301
invalid identifier 'SERVICES.INHERIT_FROM_ID'
counts.groups_inheriting_mattermost_slash_commands_active 000904 (42000): SQL compilation error: error line 1 at position 263
invalid identifier 'SERVICES.GROUP_ID'
counts.projects_microsoft_teams_active 94119
counts.groups_microsoft_teams_active 000904 (42000): SQL compilation error: error line 1 at position 242
invalid identifier 'SERVICES.GROUP_ID'
counts.templates_microsoft_teams_active 0
counts.instances_microsoft_teams_active 000904 (42000): SQL compilation error: error line 1 at position 245
invalid identifier 'SERVICES.INSTANCE'
counts.projects_inheriting_microsoft_teams_active 000904 (42000): SQL compilation error: error line 1 at position 291
invalid identifier 'SERVICES.INHERIT_FROM_ID'
counts.groups_inheriting_microsoft_teams_active 000904 (42000): SQL compilation error: error line 1 at position 253
invalid identifier 'SERVICES.GROUP_ID'
counts.projects_mock_ci_active 1
counts.groups_mock_ci_active 000904 (42000): SQL compilation error: error line 1 at position 234
invalid identifier 'SERVICES.GROUP_ID'
counts.templates_mock_ci_active 0
counts.instances_mock_ci_active 000904 (42000): SQL compilation error: error line 1 at position 237
invalid identifier 'SERVICES.INSTANCE'
counts.projects_inheriting_mock_ci_active 000904 (42000): SQL compilation error: error line 1 at position 283
invalid identifier 'SERVICES.INHERIT_FROM_ID'
counts.groups_inheriting_mock_ci_active 000904 (42000): SQL compilation error: error line 1 at position 245
invalid identifier 'SERVICES.GROUP_ID'
counts.projects_mock_monitoring_active 17
counts.groups_mock_monitoring_active 000904 (42000): SQL compilation error: error line 1 at position 242
invalid identifier 'SERVICES.GROUP_ID'
counts.templates_mock_monitoring_active 0
counts.instances_mock_monitoring_active 000904 (42000): SQL compilation error: error line 1 at position 245
invalid identifier 'SERVICES.INSTANCE'
counts.projects_inheriting_mock_monitoring_active 000904 (42000): SQL compilation error: error line 1 at position 291
invalid identifier 'SERVICES.INHERIT_FROM_ID'
counts.groups_inheriting_mock_monitoring_active 000904 (42000): SQL compilation error: error line 1 at position 253
invalid identifier 'SERVICES.GROUP_ID'
counts.projects_packagist_active 3594
counts.groups_packagist_active 000904 (42000): SQL compilation error: error line 1 at position 236
invalid identifier 'SERVICES.GROUP_ID'
counts.templates_packagist_active 0
counts.instances_packagist_active 000904 (42000): SQL compilation error: error line 1 at position 239
invalid identifier 'SERVICES.INSTANCE'
counts.projects_inheriting_packagist_active 000904 (42000): SQL compilation error: error line 1 at position 285
invalid identifier 'SERVICES.INHERIT_FROM_ID'
counts.groups_inheriting_packagist_active 000904 (42000): SQL compilation error: error line 1 at position 247
invalid identifier 'SERVICES.GROUP_ID'
counts.projects_pipelines_email_active 14343
counts.groups_pipelines_email_active 000904 (42000): SQL compilation error: error line 1 at position 242
invalid identifier 'SERVICES.GROUP_ID'
counts.templates_pipelines_email_active 0
counts.instances_pipelines_email_active 000904 (42000): SQL compilation error: error line 1 at position 245
invalid identifier 'SERVICES.INSTANCE'
counts.projects_inheriting_pipelines_email_active 000904 (42000): SQL compilation error: error line 1 at position 291
invalid identifier 'SERVICES.INHERIT_FROM_ID'
counts.groups_inheriting_pipelines_email_active 000904 (42000): SQL compilation error: error line 1 at position 253
invalid identifier 'SERVICES.GROUP_ID'
counts.projects_pivotaltracker_active 1760
counts.groups_pivotaltracker_active 000904 (42000): SQL compilation error: error line 1 at position 241
invalid identifier 'SERVICES.GROUP_ID'
counts.templates_pivotaltracker_active 0
counts.instances_pivotaltracker_active 000904 (42000): SQL compilation error: error line 1 at position 244
invalid identifier 'SERVICES.INSTANCE'
counts.projects_inheriting_pivotaltracker_active 000904 (42000): SQL compilation error: error line 1 at position 290
invalid identifier 'SERVICES.INHERIT_FROM_ID'
counts.groups_inheriting_pivotaltracker_active 000904 (42000): SQL compilation error: error line 1 at position 252
invalid identifier 'SERVICES.GROUP_ID'
counts.projects_prometheus_active 59452
counts.groups_prometheus_active 000904 (42000): SQL compilation error: error line 1 at position 237
invalid identifier 'SERVICES.GROUP_ID'
counts.templates_prometheus_active 0
counts.instances_prometheus_active 000904 (42000): SQL compilation error: error line 1 at position 240
invalid identifier 'SERVICES.INSTANCE'
counts.projects_inheriting_prometheus_active 000904 (42000): SQL compilation error: error line 1 at position 286
invalid identifier 'SERVICES.INHERIT_FROM_ID'
counts.groups_inheriting_prometheus_active 000904 (42000): SQL compilation error: error line 1 at position 248
invalid identifier 'SERVICES.GROUP_ID'
counts.projects_pushover_active 663
counts.groups_pushover_active 000904 (42000): SQL compilation error: error line 1 at position 235
invalid identifier 'SERVICES.GROUP_ID'
counts.templates_pushover_active 0
counts.instances_pushover_active 000904 (42000): SQL compilation error: error line 1 at position 238
invalid identifier 'SERVICES.INSTANCE'
counts.projects_inheriting_pushover_active 000904 (42000): SQL compilation error: error line 1 at position 284
invalid identifier 'SERVICES.INHERIT_FROM_ID'
counts.groups_inheriting_pushover_active 000904 (42000): SQL compilation error: error line 1 at position 246
invalid identifier 'SERVICES.GROUP_ID'
counts.projects_redmine_active 4209
counts.groups_redmine_active 000904 (42000): SQL compilation error: error line 1 at position 234
invalid identifier 'SERVICES.GROUP_ID'
counts.templates_redmine_active 0
counts.instances_redmine_active 000904 (42000): SQL compilation error: error line 1 at position 237
invalid identifier 'SERVICES.INSTANCE'
counts.projects_inheriting_redmine_active 000904 (42000): SQL compilation error: error line 1 at position 283
invalid identifier 'SERVICES.INHERIT_FROM_ID'
counts.groups_inheriting_redmine_active 000904 (42000): SQL compilation error: error line 1 at position 245
invalid identifier 'SERVICES.GROUP_ID'
counts.projects_slack_active 261247
counts.groups_slack_active 000904 (42000): SQL compilation error: error line 1 at position 232
invalid identifier 'SERVICES.GROUP_ID'
counts.templates_slack_active 0
counts.instances_slack_active 000904 (42000): SQL compilation error: error line 1 at position 235
invalid identifier 'SERVICES.INSTANCE'
counts.projects_inheriting_slack_active 000904 (42000): SQL compilation error: error line 1 at position 281
invalid identifier 'SERVICES.INHERIT_FROM_ID'
counts.groups_inheriting_slack_active 000904 (42000): SQL compilation error: error line 1 at position 243
invalid identifier 'SERVICES.GROUP_ID'
counts.projects_slack_slash_commands_active 3221
counts.groups_slack_slash_commands_active 000904 (42000): SQL compilation error: error line 1 at position 247
invalid identifier 'SERVICES.GROUP_ID'
counts.templates_slack_slash_commands_active 0
counts.instances_slack_slash_commands_active 000904 (42000): SQL compilation error: error line 1 at position 250
invalid identifier 'SERVICES.INSTANCE'
counts.projects_inheriting_slack_slash_commands_active 000904 (42000): SQL compilation error: error line 1 at position 296
invalid identifier 'SERVICES.INHERIT_FROM_ID'
counts.groups_inheriting_slack_slash_commands_active 000904 (42000): SQL compilation error: error line 1 at position 258
invalid identifier 'SERVICES.GROUP_ID'
counts.projects_teamcity_active 1025
counts.groups_teamcity_active 000904 (42000): SQL compilation error: error line 1 at position 235
invalid identifier 'SERVICES.GROUP_ID'
counts.templates_teamcity_active 0
counts.instances_teamcity_active 000904 (42000): SQL compilation error: error line 1 at position 238
invalid identifier 'SERVICES.INSTANCE'
counts.projects_inheriting_teamcity_active 000904 (42000): SQL compilation error: error line 1 at position 284
invalid identifier 'SERVICES.INHERIT_FROM_ID'
counts.groups_inheriting_teamcity_active 000904 (42000): SQL compilation error: error line 1 at position 246
invalid identifier 'SERVICES.GROUP_ID'
counts.projects_unify_circuit_active 12
counts.groups_unify_circuit_active 000904 (42000): SQL compilation error: error line 1 at position 240
invalid identifier 'SERVICES.GROUP_ID'
counts.templates_unify_circuit_active 0
counts.instances_unify_circuit_active 000904 (42000): SQL compilation error: error line 1 at position 243
invalid identifier 'SERVICES.INSTANCE'
counts.projects_inheriting_unify_circuit_active 000904 (42000): SQL compilation error: error line 1 at position 289
invalid identifier 'SERVICES.INHERIT_FROM_ID'
counts.groups_inheriting_unify_circuit_active 000904 (42000): SQL compilation error: error line 1 at position 251
invalid identifier 'SERVICES.GROUP_ID'
counts.projects_webex_teams_active 111
counts.groups_webex_teams_active 000904 (42000): SQL compilation error: error line 1 at position 238
invalid identifier 'SERVICES.GROUP_ID'
counts.templates_webex_teams_active 0
counts.instances_webex_teams_active 000904 (42000): SQL compilation error: error line 1 at position 241
invalid identifier 'SERVICES.INSTANCE'
counts.projects_inheriting_webex_teams_active 000904 (42000): SQL compilation error: error line 1 at position 287
invalid identifier 'SERVICES.INHERIT_FROM_ID'
counts.groups_inheriting_webex_teams_active 000904 (42000): SQL compilation error: error line 1 at position 249
invalid identifier 'SERVICES.GROUP_ID'
counts.projects_youtrack_active 3826
counts.groups_youtrack_active 000904 (42000): SQL compilation error: error line 1 at position 235
invalid identifier 'SERVICES.GROUP_ID'
counts.templates_youtrack_active 0
counts.instances_youtrack_active 000904 (42000): SQL compilation error: error line 1 at position 238
invalid identifier 'SERVICES.INSTANCE'
counts.projects_inheriting_youtrack_active 000904 (42000): SQL compilation error: error line 1 at position 284
invalid identifier 'SERVICES.INHERIT_FROM_ID'
counts.groups_inheriting_youtrack_active 000904 (42000): SQL compilation error: error line 1 at position 246
invalid identifier 'SERVICES.GROUP_ID'
counts.projects_jira_dvcs_cloud_active 3374
counts.projects_jira_dvcs_server_active 88942
counts.projects_jira_issuelist_active 001003 (42000): SQL compilation error:
syntax error line 1 at position 80 unexpected '{'.
syntax error line 1 at position 79 unexpected '.'.
counts.jira_imports_total_imported_count 788
counts.jira_imports_projects_count 571
counts.jira_imports_total_imported_issues_count 231463
counts.user_preferences_group_overview_details 7832799
counts.user_preferences_group_overview_security_dashboard 520
counts.projects_with_expiration_policy_disabled 3593946
counts.projects_with_expiration_policy_enabled 2969298
counts.projects_with_expiration_policy_enabled_with_keep_n_set_to_1 429
counts.projects_with_expiration_policy_enabled_with_keep_n_set_to_5 1475
counts.projects_with_expiration_policy_enabled_with_keep_n_set_to_10 2168059
counts.projects_with_expiration_policy_enabled_with_keep_n_set_to_25 232
counts.projects_with_expiration_policy_enabled_with_keep_n_set_to_50 76
counts.projects_with_expiration_policy_enabled_with_keep_n_set_to_100 172
counts.projects_with_expiration_policy_enabled_with_cadence_set_to_1d 2169052
counts.projects_with_expiration_policy_enabled_with_cadence_set_to_7d 799947
counts.projects_with_expiration_policy_enabled_with_cadence_set_to_14d 110
counts.projects_with_expiration_policy_enabled_with_cadence_set_to_1month 159
counts.projects_with_expiration_policy_enabled_with_cadence_set_to_3month 30
counts.projects_with_expiration_policy_enabled_with_older_than_set_to_7d 1533
counts.projects_with_expiration_policy_enabled_with_older_than_set_to_14d 518
counts.projects_with_expiration_policy_enabled_with_older_than_set_to_30d 1141
counts.projects_with_expiration_policy_enabled_with_older_than_set_to_90d 2167406
counts.projects_with_expiration_policy_enabled_with_keep_n_unset 798855
counts.projects_with_expiration_policy_enabled_with_older_than_unset 798700
counts.service_desk_enabled_projects 17303972
counts.service_desk_issues 0
counts.snippets 001003 (42000): SQL compilation error:
syntax error line 1 at position 227 unexpected 'SELECT'.
counts.confidential_epics 7076
counts.epics 157159
counts.feature_flags 2942
counts.issues_with_health_status 000904 (42000): SQL compilation error: error line 1 at position 205
invalid identifier 'ISSUES.HEALTH_STATUS'
counts.ldap_users 000904 (42000): SQL compilation error: error line 1 at position 51
invalid identifier 'USERS.USERS.ID'
counts.merged_merge_requests_using_approval_rules 13849770
counts.projects_mirrored_with_pipelines_enabled 101695
counts.projects_reporting_ci_cd_back_to_github 86558
counts.status_page_projects 9
counts.status_page_issues 24
counts.template_repositories 001003 (42000): SQL compilation error:
syntax error line 1 at position 229 unexpected 'IS'.
counts.requirements_created 8363
counts.container_scanning_jobs 1260495
counts.dast_jobs 443943
counts.dependency_scanning_jobs 1672791
counts.license_management_jobs 643050
counts.sast_jobs 1706987
counts.secret_detection_jobs 472427
counts.coverage_fuzzing_jobs 133
counts.api_fuzzing_jobs 1208
counts.api_fuzzing_dnd_jobs 481
counts.dast_on_demand_pipelines 418
counts.operations_dashboard_default_dashboard 1348
counts.operations_dashboard_users_with_projects_added 8128
counts_monthly.deployments 7263385
counts_monthly.successful_deployments 2891816
counts_monthly.failed_deployments 555738
counts_monthly.packages 112697
counts_monthly.personal_snippets 5350
counts_monthly.project_snippets 3696
counts_monthly.projects_with_alerts_created 47
counts_monthly.snippets 001003 (42000): SQL compilation error:
syntax error line 1 at position 329 unexpected 'SELECT'.
usage_activity_by_stage.configure.clusters_management_project 000904 (42000): SQL compilation error: error line 1 at position 254
invalid identifier 'CLUSTERS.MANAGEMENT_PROJECT_ID'
usage_activity_by_stage.configure.clusters_disabled 2726
usage_activity_by_stage.configure.clusters_enabled 25257
usage_activity_by_stage.configure.clusters_platforms_gke 8961
usage_activity_by_stage.configure.clusters_platforms_eks 384
usage_activity_by_stage.configure.clusters_platforms_user 15795
usage_activity_by_stage.configure.instance_clusters_disabled 0
usage_activity_by_stage.configure.instance_clusters_enabled 0
usage_activity_by_stage.configure.group_clusters_disabled 583
usage_activity_by_stage.configure.group_clusters_enabled 6314
usage_activity_by_stage.configure.project_clusters_disabled 2227
usage_activity_by_stage.configure.project_clusters_enabled 21108
usage_activity_by_stage.configure.projects_slack_notifications_active 80531
usage_activity_by_stage.configure.projects_slack_slash_active 1126
usage_activity_by_stage.configure.projects_with_prometheus_alerts 18476
usage_activity_by_stage.create.merge_requests 1275449
usage_activity_by_stage.create.projects_with_disable_overriding_approvers_per_merge_request 50691
usage_activity_by_stage.create.projects_without_disable_overriding_approvers_per_merge_request 19805854
usage_activity_by_stage.create.remote_mirrors 001003 (42000): SQL compilation error:
syntax error line 1 at position 73 unexpected 'DISTINCT'.
usage_activity_by_stage.create.snippets 86627
usage_activity_by_stage.create.projects_enforcing_code_owner_approval 22941
usage_activity_by_stage.create.merge_requests_with_overridden_project_rules 001003 (42000): SQL compilation error:
syntax error line 4 at position 10 unexpected '.'.
syntax error line 12 at position 14 unexpected '.'.
syntax error line 20 at position 18 unexpected '.'.
syntax error line 25 at position 79 unexpected ')'.
usage_activity_by_stage.create.projects_imported_from_github 209580
usage_activity_by_stage.create.projects_with_repositories_enabled 2887576
usage_activity_by_stage.create.protected_branches 2448516
usage_activity_by_stage.create.suggestions 31331
usage_activity_by_stage.create.users_using_path_locks 8086
usage_activity_by_stage.create.users_using_lfs_locks 397
usage_activity_by_stage.create.total_number_of_path_locks 14394
usage_activity_by_stage.create.total_number_of_locked_files 4620
usage_activity_by_stage.create.approval_project_rules 177291
usage_activity_by_stage.manage.events 4534356
usage_activity_by_stage.manage.users_created 7991056
usage_activity_by_stage.manage.projects_imported.total 496768
usage_activity_by_stage.manage.projects_imported.gitlab_project 219181
usage_activity_by_stage.manage.projects_imported.gitlab 0
usage_activity_by_stage.manage.projects_imported.github 209580
usage_activity_by_stage.manage.projects_imported.bitbucket 68259
usage_activity_by_stage.manage.projects_imported.bitbucket_server 841
usage_activity_by_stage.manage.projects_imported.gitea 511
usage_activity_by_stage.manage.projects_imported.git 35731
usage_activity_by_stage.manage.projects_imported.manifest 169
usage_activity_by_stage.manage.issues_imported.jira 424
usage_activity_by_stage.manage.issues_imported.fogbugz 66
usage_activity_by_stage.manage.issues_imported.phabricator 0
usage_activity_by_stage.manage.issues_imported.csv 1264
usage_activity_by_stage.manage.groups_imported 527
usage_activity_by_stage.manage.value_stream_management_customized_group_stages 392
usage_activity_by_stage.manage.projects_with_compliance_framework 2056
usage_activity_by_stage.monitor.clusters 26628
usage_activity_by_stage.monitor.operations_dashboard_default_dashboard 1348
usage_activity_by_stage.monitor.projects_with_tracing_enabled 149
usage_activity_by_stage.monitor.projects_with_error_tracking_enabled 3896
usage_activity_by_stage.monitor.projects_with_incidents 5819
usage_activity_by_stage.monitor.projects_with_alert_incidents 106
usage_activity_by_stage.monitor.operations_dashboard_users_with_projects_added 8128
usage_activity_by_stage.monitor.projects_incident_sla_enabled 13
usage_activity_by_stage.package.projects_with_packages 10602
usage_activity_by_stage.plan.issues 940382
usage_activity_by_stage.plan.notes 1801545
usage_activity_by_stage.plan.projects 2925878
usage_activity_by_stage.plan.todos 1158528
usage_activity_by_stage.plan.service_desk_enabled_projects 2619223
usage_activity_by_stage.plan.service_desk_issues 0
usage_activity_by_stage.plan.projects_jira_active 24116
usage_activity_by_stage.plan.projects_jira_dvcs_cloud_active 120
usage_activity_by_stage.plan.projects_jira_dvcs_server_active 3613
usage_activity_by_stage.plan.epics 8477
usage_activity_by_stage.release.deployments 215866
usage_activity_by_stage.release.failed_deployments 140524
usage_activity_by_stage.release.releases 97011
usage_activity_by_stage.release.successful_deployments 185571
usage_activity_by_stage.release.projects_mirrored_with_pipelines_enabled 29727
usage_activity_by_stage.secure.user_preferences_group_overview_security_dashboard 520
usage_activity_by_stage.secure.user_container_scanning_jobs 94871
usage_activity_by_stage.secure.user_dast_jobs 13389
usage_activity_by_stage.secure.user_dependency_scanning_jobs 91862
usage_activity_by_stage.secure.user_license_management_jobs 82202
usage_activity_by_stage.secure.user_sast_jobs 93484
usage_activity_by_stage.secure.user_secret_detection_jobs 16834
usage_activity_by_stage.secure.user_coverage_fuzzing_jobs 13
usage_activity_by_stage.secure.user_api_fuzzing_jobs 70
usage_activity_by_stage.secure.user_api_fuzzing_dnd_jobs 13
usage_activity_by_stage.secure.user_unique_users_all_secure_scanners 123148
usage_activity_by_stage.verify.ci_builds 1471149
usage_activity_by_stage.verify.ci_external_pipelines 66421
usage_activity_by_stage.verify.ci_internal_pipelines 1400308
usage_activity_by_stage.verify.ci_pipeline_config_auto_devops 355739
usage_activity_by_stage.verify.ci_pipeline_config_repository 1141867
usage_activity_by_stage.verify.ci_pipeline_schedules 24569
usage_activity_by_stage.verify.ci_pipelines 1429473
usage_activity_by_stage.verify.ci_triggers 26344
usage_activity_by_stage.verify.projects_reporting_ci_cd_back_to_github 31041
usage_activity_by_stage_monthly.configure.clusters_management_project 000904 (42000): SQL compilation error: error line 1 at position 262
invalid identifier 'CLUSTERS.MANAGEMENT_PROJECT_ID'
usage_activity_by_stage_monthly.configure.clusters_disabled 72
usage_activity_by_stage_monthly.configure.clusters_enabled 1345
usage_activity_by_stage_monthly.configure.clusters_platforms_gke 282
usage_activity_by_stage_monthly.configure.clusters_platforms_eks 26
usage_activity_by_stage_monthly.configure.clusters_platforms_user 930
usage_activity_by_stage_monthly.configure.instance_clusters_disabled 0
usage_activity_by_stage_monthly.configure.instance_clusters_enabled 0
usage_activity_by_stage_monthly.configure.group_clusters_disabled 28
usage_activity_by_stage_monthly.configure.group_clusters_enabled 587
usage_activity_by_stage_monthly.configure.project_clusters_disabled 47
usage_activity_by_stage_monthly.configure.project_clusters_enabled 843
usage_activity_by_stage_monthly.configure.projects_slack_notifications_active 2475
usage_activity_by_stage_monthly.configure.projects_slack_slash_active 48
usage_activity_by_stage_monthly.configure.projects_with_prometheus_alerts 1400
usage_activity_by_stage_monthly.create.merge_requests 222511
usage_activity_by_stage_monthly.create.projects_with_disable_overriding_approvers_per_merge_request 2810
usage_activity_by_stage_monthly.create.projects_without_disable_overriding_approvers_per_merge_request 550902
usage_activity_by_stage_monthly.create.remote_mirrors 001003 (42000): SQL compilation error:
syntax error line 1 at position 81 unexpected 'DISTINCT'.
usage_activity_by_stage_monthly.create.snippets 3436
usage_activity_by_stage_monthly.create.projects_enforcing_code_owner_approval 1656
usage_activity_by_stage_monthly.create.merge_requests_with_overridden_project_rules 001003 (42000): SQL compilation error:
syntax error line 4 at position 10 unexpected '.'.
syntax error line 12 at position 14 unexpected '.'.
syntax error line 20 at position 18 unexpected '.'.
syntax error line 25 at position 79 unexpected ')'.
usage_activity_by_stage_monthly.create.projects_imported_from_github 4652
usage_activity_by_stage_monthly.create.projects_with_repositories_enabled 213278
usage_activity_by_stage_monthly.create.protected_branches 199842
usage_activity_by_stage_monthly.create.suggestions 6420
usage_activity_by_stage_monthly.create.users_using_path_locks 133
usage_activity_by_stage_monthly.create.users_using_lfs_locks 25
usage_activity_by_stage_monthly.create.total_number_of_path_locks 219
usage_activity_by_stage_monthly.create.total_number_of_locked_files 66
usage_activity_by_stage_monthly.create.approval_project_rules 177291
usage_activity_by_stage_monthly.manage.events 795150
usage_activity_by_stage_monthly.manage.users_created 177266
usage_activity_by_stage_monthly.manage.projects_imported.total 30230
usage_activity_by_stage_monthly.manage.projects_imported.gitlab_project 21181
usage_activity_by_stage_monthly.manage.projects_imported.gitlab 0
usage_activity_by_stage_monthly.manage.projects_imported.github 4652
usage_activity_by_stage_monthly.manage.projects_imported.bitbucket 944
usage_activity_by_stage_monthly.manage.projects_imported.bitbucket_server 62
usage_activity_by_stage_monthly.manage.projects_imported.gitea 11
usage_activity_by_stage_monthly.manage.projects_imported.git 3912
usage_activity_by_stage_monthly.manage.projects_imported.manifest 3
usage_activity_by_stage_monthly.manage.issues_imported.jira 50
usage_activity_by_stage_monthly.manage.issues_imported.fogbugz 1
usage_activity_by_stage_monthly.manage.issues_imported.phabricator 0
usage_activity_by_stage_monthly.manage.issues_imported.csv 325
usage_activity_by_stage_monthly.manage.groups_imported 46
usage_activity_by_stage_monthly.manage.value_stream_management_customized_group_stages 392
usage_activity_by_stage_monthly.manage.projects_with_compliance_framework 2056
usage_activity_by_stage_monthly.monitor.clusters 1381
usage_activity_by_stage_monthly.monitor.operations_dashboard_default_dashboard 12
usage_activity_by_stage_monthly.monitor.projects_with_tracing_enabled 7
usage_activity_by_stage_monthly.monitor.projects_with_error_tracking_enabled 45
usage_activity_by_stage_monthly.monitor.projects_with_incidents 1194
usage_activity_by_stage_monthly.monitor.projects_with_alert_incidents 20
usage_activity_by_stage_monthly.monitor.operations_dashboard_users_with_projects_added 243
usage_activity_by_stage_monthly.monitor.projects_incident_sla_enabled 13
usage_activity_by_stage_monthly.package.projects_with_packages 1374
usage_activity_by_stage_monthly.plan.issues 100167
usage_activity_by_stage_monthly.plan.notes 308325
usage_activity_by_stage_monthly.plan.projects 217424
usage_activity_by_stage_monthly.plan.todos 219249
usage_activity_by_stage_monthly.plan.service_desk_enabled_projects 215862
usage_activity_by_stage_monthly.plan.service_desk_issues 0
usage_activity_by_stage_monthly.plan.projects_jira_active 2137
usage_activity_by_stage_monthly.plan.projects_jira_dvcs_cloud_active 0
usage_activity_by_stage_monthly.plan.projects_jira_dvcs_server_active 549
usage_activity_by_stage_monthly.plan.epics 1276
usage_activity_by_stage_monthly.release.deployments 61581
usage_activity_by_stage_monthly.release.failed_deployments 32714
usage_activity_by_stage_monthly.release.releases 16827
usage_activity_by_stage_monthly.release.successful_deployments 53711
usage_activity_by_stage_monthly.release.projects_mirrored_with_pipelines_enabled 1101
usage_activity_by_stage_monthly.secure.user_preferences_group_overview_security_dashboard 12
usage_activity_by_stage_monthly.secure.user_container_scanning_jobs 4100
usage_activity_by_stage_monthly.secure.user_dast_jobs 976
usage_activity_by_stage_monthly.secure.user_dependency_scanning_jobs 1840
usage_activity_by_stage_monthly.secure.user_license_management_jobs 55
usage_activity_by_stage_monthly.secure.user_sast_jobs 729
usage_activity_by_stage_monthly.secure.user_secret_detection_jobs 5556
usage_activity_by_stage_monthly.secure.user_coverage_fuzzing_jobs 5
usage_activity_by_stage_monthly.secure.user_api_fuzzing_jobs 27
usage_activity_by_stage_monthly.secure.user_api_fuzzing_dnd_jobs 10
usage_activity_by_stage_monthly.secure.user_unique_users_all_secure_scanners 11097
usage_activity_by_stage_monthly.verify.ci_builds 359948
usage_activity_by_stage_monthly.verify.ci_external_pipelines 8546
usage_activity_by_stage_monthly.verify.ci_internal_pipelines 201959
usage_activity_by_stage_monthly.verify.ci_pipeline_config_auto_devops 3908
usage_activity_by_stage_monthly.verify.ci_pipeline_config_repository 199235
usage_activity_by_stage_monthly.verify.ci_pipeline_schedules 1666
usage_activity_by_stage_monthly.verify.ci_pipelines 207891
usage_activity_by_stage_monthly.verify.ci_triggers 630
usage_activity_by_stage_monthly.verify.projects_reporting_ci_cd_back_to_github 674
{'active_user_count': 7833319, 'counts.boards': 2014946, 'counts.ci_builds': 955593243, 'counts.ci_internal_pipelines': 235402414, 'counts.ci_external_pipelines': 8644047, 'counts.ci_pipeline_config_auto_devops': 2767585, 'counts.ci_pipeline_config_repository': 220300554, 'counts.ci_triggers': 80884, 'counts.ci_pipeline_schedules': 72018, 'counts.auto_devops_enabled': 87079, 'counts.auto_devops_disabled': 1279736, 'counts.deployments': 128887007, 'counts.successful_deployments': 50529085, 'counts.failed_deployments': 8263659, 'counts.environments': 3410282, 'counts.clusters': 58161, 'counts.clusters_enabled': 54350, 'counts.project_clusters_enabled': 42752, 'counts.group_clusters_enabled': 11598, 'counts.instance_clusters_enabled': 0, 'counts.clusters_disabled': 3811, 'counts.project_clusters_disabled': 3110, 'counts.group_clusters_disabled': 701, 'counts.instance_clusters_disabled': 0, 'counts.clusters_platforms_eks': 470, 'counts.clusters_platforms_gke': 13292, 'counts.clusters_platforms_user': 35264, 'counts.clusters_management_project': "000904 (42000): SQL compilation error: error line 1 at position 213\ninvalid identifier 'CLUSTERS.MANAGEMENT_PROJECT_ID'", 'counts.kubernetes_agents': 6, 'counts.in_review_folder': 869950, 'counts.grafana_integrated_projects': 376, 'counts.groups': 2053781, 'counts.issues': 68275637, 'counts.issues_with_associated_zoom_link': 425, 'counts.issues_using_zoom_quick_actions': 472, 'counts.issues_with_embedded_grafana_charts_approx': 51, 'counts.issues_created_from_alerts': "001003 (42000): SQL compilation error:\nsyntax error line 1 at position 363 unexpected 'COUNT'.", 'counts.issues_created_gitlab_alerts': 3429, 'counts.issues_created_manually_from_alerts': 3429, 'counts.incident_issues': 24771, 'counts.alert_bot_incident_issues': 0, 'counts.incident_labeled_issues': "000904 (42000): SQL compilation error: error line 1 at position 533\ninvalid identifier 'LABELS.DESCRIPTION'", 'counts.milestones': 1414999, 'counts.projects_with_packages': 31733, 'counts.packages': 996218, 'counts.pages_domains': 56504, 'counts.pool_repositories': 53773, 'counts.projects': 19856545, 'counts.projects_creating_incidents': 5819, 'counts.projects_imported_from_github': 1398201, 'counts.projects_with_repositories_enabled': 19561661, 'counts.projects_with_tracing_enabled': 176, 'counts.projects_with_error_tracking_enabled': 5208, 'counts.projects_with_alerts_service_enabled': 500, 'counts.projects_with_alerts_created': 280, 'counts.projects_with_enabled_alert_integrations': 546, 'counts.projects_with_prometheus_alerts': 3804, 'counts.projects_with_terraform_reports': "002003 (42S02): SQL compilation error:\nObject 'PREP.GITLAB_DOTCOM.GITLAB_DOTCOM_CI_JOB_ARTIFACTS_DEDUPE_SOURCE' does not exist or not authorized.", 'counts.projects_with_terraform_states': 2496, 'counts.protected_branches': 16956652, 'counts.protected_branches_except_default': 1292347, 'counts.releases': 1611114, 'counts.remote_mirrors': 85334, 'counts.personal_snippets': 236657, 'counts.project_snippets': 128852, 'counts.terraform_reports': "002003 (42S02): SQL compilation error:\nObject 'PREP.GITLAB_DOTCOM.GITLAB_DOTCOM_CI_JOB_ARTIFACTS_DEDUPE_SOURCE' does not exist or not authorized.", 'counts.terraform_states': 6350, 'counts.todos': 85832866, 'counts.web_hooks': "002003 (42S02): SQL compilation error:\nObject 'PREP.GITLAB_DOTCOM.GITLAB_DOTCOM_WEB_HOOKS_DEDUPE_SOURCE' does not exist or not authorized.", 'counts.merge_requests': 69425243, 'counts.notes': 419092278, 'counts.projects_alerts_active': 500, 'counts.groups_alerts_active': "000904 (42000): SQL compilation error: error line 1 at position 233\ninvalid identifier 'SERVICES.GROUP_ID'", 'counts.templates_alerts_active': 0, 'counts.instances_alerts_active': "000904 (42000): SQL compilation error: error line 1 at position 236\ninvalid identifier 'SERVICES.INSTANCE'", 'counts.projects_inheriting_alerts_active': "000904 (42000): SQL compilation error: error line 1 at position 282\ninvalid identifier 'SERVICES.INHERIT_FROM_ID'", 'counts.groups_inheriting_alerts_active': "000904 (42000): SQL compilation error: error line 1 at position 244\ninvalid identifier 'SERVICES.GROUP_ID'", 'counts.projects_asana_active': 3207, 'counts.groups_asana_active': "000904 (42000): SQL compilation error: error line 1 at position 232\ninvalid identifier 'SERVICES.GROUP_ID'", 'counts.templates_asana_active': 0, 'counts.instances_asana_active': "000904 (42000): SQL compilation error: error line 1 at position 235\ninvalid identifier 'SERVICES.INSTANCE'", 'counts.projects_inheriting_asana_active': "000904 (42000): SQL compilation error: error line 1 at position 281\ninvalid identifier 'SERVICES.INHERIT_FROM_ID'", 'counts.groups_inheriting_asana_active': "000904 (42000): SQL compilation error: error line 1 at position 243\ninvalid identifier 'SERVICES.GROUP_ID'", 'counts.projects_assembla_active': 74, 'counts.groups_assembla_active': "000904 (42000): SQL compilation error: error line 1 at position 235\ninvalid identifier 'SERVICES.GROUP_ID'", 'counts.templates_assembla_active': 0, 'counts.instances_assembla_active': "000904 (42000): SQL compilation error: error line 1 at position 238\ninvalid identifier 'SERVICES.INSTANCE'", 'counts.projects_inheriting_assembla_active': "000904 (42000): SQL compilation error: error line 1 at position 284\ninvalid identifier 'SERVICES.INHERIT_FROM_ID'", 'counts.groups_inheriting_assembla_active': "000904 (42000): SQL compilation error: error line 1 at position 246\ninvalid identifier 'SERVICES.GROUP_ID'", 'counts.projects_bamboo_active': 107, 'counts.groups_bamboo_active': "000904 (42000): SQL compilation error: error line 1 at position 233\ninvalid identifier 'SERVICES.GROUP_ID'", 'counts.templates_bamboo_active': 0, 'counts.instances_bamboo_active': "000904 (42000): SQL compilation error: error line 1 at position 236\ninvalid identifier 'SERVICES.INSTANCE'", 'counts.projects_inheriting_bamboo_active': "000904 (42000): SQL compilation error: error line 1 at position 282\ninvalid identifier 'SERVICES.INHERIT_FROM_ID'", 'counts.groups_inheriting_bamboo_active': "000904 (42000): SQL compilation error: error line 1 at position 244\ninvalid identifier 'SERVICES.GROUP_ID'", 'counts.projects_bugzilla_active': 197, 'counts.groups_bugzilla_active': "000904 (42000): SQL compilation error: error line 1 at position 235\ninvalid identifier 'SERVICES.GROUP_ID'", 'counts.templates_bugzilla_active': 0, 'counts.instances_bugzilla_active': "000904 (42000): SQL compilation error: error line 1 at position 238\ninvalid identifier 'SERVICES.INSTANCE'", 'counts.projects_inheriting_bugzilla_active': "000904 (42000): SQL compilation error: error line 1 at position 284\ninvalid identifier 'SERVICES.INHERIT_FROM_ID'", 'counts.groups_inheriting_bugzilla_active': "000904 (42000): SQL compilation error: error line 1 at position 246\ninvalid identifier 'SERVICES.GROUP_ID'", 'counts.projects_buildkite_active': 375, 'counts.groups_buildkite_active': "000904 (42000): SQL compilation error: error line 1 at position 236\ninvalid identifier 'SERVICES.GROUP_ID'", 'counts.templates_buildkite_active': 0, 'counts.instances_buildkite_active': "000904 (42000): SQL compilation error: error line 1 at position 239\ninvalid identifier 'SERVICES.INSTANCE'", 'counts.projects_inheriting_buildkite_active': "000904 (42000): SQL compilation error: error line 1 at position 285\ninvalid identifier 'SERVICES.INHERIT_FROM_ID'", 'counts.groups_inheriting_buildkite_active': "000904 (42000): SQL compilation error: error line 1 at position 247\ninvalid identifier 'SERVICES.GROUP_ID'", 'counts.projects_campfire_active': 76, 'counts.groups_campfire_active': "000904 (42000): SQL compilation error: error line 1 at position 235\ninvalid identifier 'SERVICES.GROUP_ID'", 'counts.templates_campfire_active': 0, 'counts.instances_campfire_active': "000904 (42000): SQL compilation error: error line 1 at position 238\ninvalid identifier 'SERVICES.INSTANCE'", 'counts.projects_inheriting_campfire_active': "000904 (42000): SQL compilation error: error line 1 at position 284\ninvalid identifier 'SERVICES.INHERIT_FROM_ID'", 'counts.groups_inheriting_campfire_active': "000904 (42000): SQL compilation error: error line 1 at position 246\ninvalid identifier 'SERVICES.GROUP_ID'", 'counts.projects_confluence_active': 2458, 'counts.groups_confluence_active': "000904 (42000): SQL compilation error: error line 1 at position 237\ninvalid identifier 'SERVICES.GROUP_ID'", 'counts.templates_confluence_active': 0, 'counts.instances_confluence_active': "000904 (42000): SQL compilation error: error line 1 at position 240\ninvalid identifier 'SERVICES.INSTANCE'", 'counts.projects_inheriting_confluence_active': "000904 (42000): SQL compilation error: error line 1 at position 286\ninvalid identifier 'SERVICES.INHERIT_FROM_ID'", 'counts.groups_inheriting_confluence_active': "000904 (42000): SQL compilation error: error line 1 at position 248\ninvalid identifier 'SERVICES.GROUP_ID'", 'counts.projects_custom_issue_tracker_active': 3501, 'counts.groups_custom_issue_tracker_active': "000904 (42000): SQL compilation error: error line 1 at position 247\ninvalid identifier 'SERVICES.GROUP_ID'", 'counts.templates_custom_issue_tracker_active': 0, 'counts.instances_custom_issue_tracker_active': "000904 (42000): SQL compilation error: error line 1 at position 250\ninvalid identifier 'SERVICES.INSTANCE'", 'counts.projects_inheriting_custom_issue_tracker_active': "000904 (42000): SQL compilation error: error line 1 at position 296\ninvalid identifier 'SERVICES.INHERIT_FROM_ID'", 'counts.groups_inheriting_custom_issue_tracker_active': "000904 (42000): SQL compilation error: error line 1 at position 258\ninvalid identifier 'SERVICES.GROUP_ID'", 'counts.projects_datadog_active': 2594, 'counts.groups_datadog_active': "000904 (42000): SQL compilation error: error line 1 at position 234\ninvalid identifier 'SERVICES.GROUP_ID'", 'counts.templates_datadog_active': 0, 'counts.instances_datadog_active': "000904 (42000): SQL compilation error: error line 1 at position 237\ninvalid identifier 'SERVICES.INSTANCE'", 'counts.projects_inheriting_datadog_active': "000904 (42000): SQL compilation error: error line 1 at position 283\ninvalid identifier 'SERVICES.INHERIT_FROM_ID'", 'counts.groups_inheriting_datadog_active': "000904 (42000): SQL compilation error: error line 1 at position 245\ninvalid identifier 'SERVICES.GROUP_ID'", 'counts.projects_discord_active': 27624, 'counts.groups_discord_active': "000904 (42000): SQL compilation error: error line 1 at position 234\ninvalid identifier 'SERVICES.GROUP_ID'", 'counts.templates_discord_active': 0, 'counts.instances_discord_active': "000904 (42000): SQL compilation error: error line 1 at position 237\ninvalid identifier 'SERVICES.INSTANCE'", 'counts.projects_inheriting_discord_active': "000904 (42000): SQL compilation error: error line 1 at position 283\ninvalid identifier 'SERVICES.INHERIT_FROM_ID'", 'counts.groups_inheriting_discord_active': "000904 (42000): SQL compilation error: error line 1 at position 245\ninvalid identifier 'SERVICES.GROUP_ID'", 'counts.projects_drone_ci_active': 1945, 'counts.groups_drone_ci_active': "000904 (42000): SQL compilation error: error line 1 at position 235\ninvalid identifier 'SERVICES.GROUP_ID'", 'counts.templates_drone_ci_active': 0, 'counts.instances_drone_ci_active': "000904 (42000): SQL compilation error: error line 1 at position 238\ninvalid identifier 'SERVICES.INSTANCE'", 'counts.projects_inheriting_drone_ci_active': "000904 (42000): SQL compilation error: error line 1 at position 284\ninvalid identifier 'SERVICES.INHERIT_FROM_ID'", 'counts.groups_inheriting_drone_ci_active': "000904 (42000): SQL compilation error: error line 1 at position 246\ninvalid identifier 'SERVICES.GROUP_ID'", 'counts.projects_emails_on_push_active': 18754, 'counts.groups_emails_on_push_active': "000904 (42000): SQL compilation error: error line 1 at position 241\ninvalid identifier 'SERVICES.GROUP_ID'", 'counts.templates_emails_on_push_active': 0, 'counts.instances_emails_on_push_active': "000904 (42000): SQL compilation error: error line 1 at position 244\ninvalid identifier 'SERVICES.INSTANCE'", 'counts.projects_inheriting_emails_on_push_active': "000904 (42000): SQL compilation error: error line 1 at position 290\ninvalid identifier 'SERVICES.INHERIT_FROM_ID'", 'counts.groups_inheriting_emails_on_push_active': "000904 (42000): SQL compilation error: error line 1 at position 252\ninvalid identifier 'SERVICES.GROUP_ID'", 'counts.projects_ewm_active': 2, 'counts.groups_ewm_active': "000904 (42000): SQL compilation error: error line 1 at position 230\ninvalid identifier 'SERVICES.GROUP_ID'", 'counts.templates_ewm_active': 0, 'counts.instances_ewm_active': "000904 (42000): SQL compilation error: error line 1 at position 233\ninvalid identifier 'SERVICES.INSTANCE'", 'counts.projects_inheriting_ewm_active': "000904 (42000): SQL compilation error: error line 1 at position 279\ninvalid identifier 'SERVICES.INHERIT_FROM_ID'", 'counts.groups_inheriting_ewm_active': "000904 (42000): SQL compilation error: error line 1 at position 241\ninvalid identifier 'SERVICES.GROUP_ID'", 'counts.projects_external_wiki_active': 2186, 'counts.groups_external_wiki_active': "000904 (42000): SQL compilation error: error line 1 at position 240\ninvalid identifier 'SERVICES.GROUP_ID'", 'counts.templates_external_wiki_active': 0, 'counts.instances_external_wiki_active': "000904 (42000): SQL compilation error: error line 1 at position 243\ninvalid identifier 'SERVICES.INSTANCE'", 'counts.projects_inheriting_external_wiki_active': "000904 (42000): SQL compilation error: error line 1 at position 289\ninvalid identifier 'SERVICES.INHERIT_FROM_ID'", 'counts.groups_inheriting_external_wiki_active': "000904 (42000): SQL compilation error: error line 1 at position 251\ninvalid identifier 'SERVICES.GROUP_ID'", 'counts.projects_flowdock_active': 406, 'counts.groups_flowdock_active': "000904 (42000): SQL compilation error: error line 1 at position 235\ninvalid identifier 'SERVICES.GROUP_ID'", 'counts.templates_flowdock_active': 0, 'counts.instances_flowdock_active': "000904 (42000): SQL compilation error: error line 1 at position 238\ninvalid identifier 'SERVICES.INSTANCE'", 'counts.projects_inheriting_flowdock_active': "000904 (42000): SQL compilation error: error line 1 at position 284\ninvalid identifier 'SERVICES.INHERIT_FROM_ID'", 'counts.groups_inheriting_flowdock_active': "000904 (42000): SQL compilation error: error line 1 at position 246\ninvalid identifier 'SERVICES.GROUP_ID'", 'counts.projects_github_active': 86557, 'counts.groups_github_active': "000904 (42000): SQL compilation error: error line 1 at position 233\ninvalid identifier 'SERVICES.GROUP_ID'", 'counts.templates_github_active': 0, 'counts.instances_github_active': "000904 (42000): SQL compilation error: error line 1 at position 236\ninvalid identifier 'SERVICES.INSTANCE'", 'counts.projects_inheriting_github_active': "000904 (42000): SQL compilation error: error line 1 at position 282\ninvalid identifier 'SERVICES.INHERIT_FROM_ID'", 'counts.groups_inheriting_github_active': "000904 (42000): SQL compilation error: error line 1 at position 244\ninvalid identifier 'SERVICES.GROUP_ID'", 'counts.projects_hangouts_chat_active': 5671, 'counts.groups_hangouts_chat_active': "000904 (42000): SQL compilation error: error line 1 at position 240\ninvalid identifier 'SERVICES.GROUP_ID'", 'counts.templates_hangouts_chat_active': 0, 'counts.instances_hangouts_chat_active': "000904 (42000): SQL compilation error: error line 1 at position 243\ninvalid identifier 'SERVICES.INSTANCE'", 'counts.projects_inheriting_hangouts_chat_active': "000904 (42000): SQL compilation error: error line 1 at position 289\ninvalid identifier 'SERVICES.INHERIT_FROM_ID'", 'counts.groups_inheriting_hangouts_chat_active': "000904 (42000): SQL compilation error: error line 1 at position 251\ninvalid identifier 'SERVICES.GROUP_ID'", 'counts.projects_hipchat_active': 100, 'counts.groups_hipchat_active': "000904 (42000): SQL compilation error: error line 1 at position 234\ninvalid identifier 'SERVICES.GROUP_ID'", 'counts.templates_hipchat_active': 0, 'counts.instances_hipchat_active': "000904 (42000): SQL compilation error: error line 1 at position 237\ninvalid identifier 'SERVICES.INSTANCE'", 'counts.projects_inheriting_hipchat_active': "000904 (42000): SQL compilation error: error line 1 at position 283\ninvalid identifier 'SERVICES.INHERIT_FROM_ID'", 'counts.groups_inheriting_hipchat_active': "000904 (42000): SQL compilation error: error line 1 at position 245\ninvalid identifier 'SERVICES.GROUP_ID'", 'counts.projects_irker_active': 258, 'counts.groups_irker_active': "000904 (42000): SQL compilation error: error line 1 at position 232\ninvalid identifier 'SERVICES.GROUP_ID'", 'counts.templates_irker_active': 0, 'counts.instances_irker_active': "000904 (42000): SQL compilation error: error line 1 at position 235\ninvalid identifier 'SERVICES.INSTANCE'", 'counts.projects_inheriting_irker_active': "000904 (42000): SQL compilation error: error line 1 at position 281\ninvalid identifier 'SERVICES.INHERIT_FROM_ID'", 'counts.groups_inheriting_irker_active': "000904 (42000): SQL compilation error: error line 1 at position 243\ninvalid identifier 'SERVICES.GROUP_ID'", 'counts.projects_jenkins_active': 8639, 'counts.groups_jenkins_active': "000904 (42000): SQL compilation error: error line 1 at position 234\ninvalid identifier 'SERVICES.GROUP_ID'", 'counts.templates_jenkins_active': 0, 'counts.instances_jenkins_active': "000904 (42000): SQL compilation error: error line 1 at position 237\ninvalid identifier 'SERVICES.INSTANCE'", 'counts.projects_inheriting_jenkins_active': "000904 (42000): SQL compilation error: error line 1 at position 283\ninvalid identifier 'SERVICES.INHERIT_FROM_ID'", 'counts.groups_inheriting_jenkins_active': "000904 (42000): SQL compilation error: error line 1 at position 245\ninvalid identifier 'SERVICES.GROUP_ID'", 'counts.projects_jira_active': 147146, 'counts.groups_jira_active': "000904 (42000): SQL compilation error: error line 1 at position 231\ninvalid identifier 'SERVICES.GROUP_ID'", 'counts.templates_jira_active': 0, 'counts.instances_jira_active': "000904 (42000): SQL compilation error: error line 1 at position 234\ninvalid identifier 'SERVICES.INSTANCE'", 'counts.projects_inheriting_jira_active': "000904 (42000): SQL compilation error: error line 1 at position 280\ninvalid identifier 'SERVICES.INHERIT_FROM_ID'", 'counts.groups_inheriting_jira_active': "000904 (42000): SQL compilation error: error line 1 at position 242\ninvalid identifier 'SERVICES.GROUP_ID'", 'counts.projects_mattermost_active': 6848, 'counts.groups_mattermost_active': "000904 (42000): SQL compilation error: error line 1 at position 237\ninvalid identifier 'SERVICES.GROUP_ID'", 'counts.templates_mattermost_active': 0, 'counts.instances_mattermost_active': "000904 (42000): SQL compilation error: error line 1 at position 240\ninvalid identifier 'SERVICES.INSTANCE'", 'counts.projects_inheriting_mattermost_active': "000904 (42000): SQL compilation error: error line 1 at position 286\ninvalid identifier 'SERVICES.INHERIT_FROM_ID'", 'counts.groups_inheriting_mattermost_active': "000904 (42000): SQL compilation error: error line 1 at position 248\ninvalid identifier 'SERVICES.GROUP_ID'", 'counts.projects_mattermost_slash_commands_active': 777, 'counts.groups_mattermost_slash_commands_active': "000904 (42000): SQL compilation error: error line 1 at position 252\ninvalid identifier 'SERVICES.GROUP_ID'", 'counts.templates_mattermost_slash_commands_active': 0, 'counts.instances_mattermost_slash_commands_active': "000904 (42000): SQL compilation error: error line 1 at position 255\ninvalid identifier 'SERVICES.INSTANCE'", 'counts.projects_inheriting_mattermost_slash_commands_active': "000904 (42000): SQL compilation error: error line 1 at position 301\ninvalid identifier 'SERVICES.INHERIT_FROM_ID'", 'counts.groups_inheriting_mattermost_slash_commands_active': "000904 (42000): SQL compilation error: error line 1 at position 263\ninvalid identifier 'SERVICES.GROUP_ID'", 'counts.projects_microsoft_teams_active': 94119, 'counts.groups_microsoft_teams_active': "000904 (42000): SQL compilation error: error line 1 at position 242\ninvalid identifier 'SERVICES.GROUP_ID'", 'counts.templates_microsoft_teams_active': 0, 'counts.instances_microsoft_teams_active': "000904 (42000): SQL compilation error: error line 1 at position 245\ninvalid identifier 'SERVICES.INSTANCE'", 'counts.projects_inheriting_microsoft_teams_active': "000904 (42000): SQL compilation error: error line 1 at position 291\ninvalid identifier 'SERVICES.INHERIT_FROM_ID'", 'counts.groups_inheriting_microsoft_teams_active': "000904 (42000): SQL compilation error: error line 1 at position 253\ninvalid identifier 'SERVICES.GROUP_ID'", 'counts.projects_mock_ci_active': 1, 'counts.groups_mock_ci_active': "000904 (42000): SQL compilation error: error line 1 at position 234\ninvalid identifier 'SERVICES.GROUP_ID'", 'counts.templates_mock_ci_active': 0, 'counts.instances_mock_ci_active': "000904 (42000): SQL compilation error: error line 1 at position 237\ninvalid identifier 'SERVICES.INSTANCE'", 'counts.projects_inheriting_mock_ci_active': "000904 (42000): SQL compilation error: error line 1 at position 283\ninvalid identifier 'SERVICES.INHERIT_FROM_ID'", 'counts.groups_inheriting_mock_ci_active': "000904 (42000): SQL compilation error: error line 1 at position 245\ninvalid identifier 'SERVICES.GROUP_ID'", 'counts.projects_mock_monitoring_active': 17, 'counts.groups_mock_monitoring_active': "000904 (42000): SQL compilation error: error line 1 at position 242\ninvalid identifier 'SERVICES.GROUP_ID'", 'counts.templates_mock_monitoring_active': 0, 'counts.instances_mock_monitoring_active': "000904 (42000): SQL compilation error: error line 1 at position 245\ninvalid identifier 'SERVICES.INSTANCE'", 'counts.projects_inheriting_mock_monitoring_active': "000904 (42000): SQL compilation error: error line 1 at position 291\ninvalid identifier 'SERVICES.INHERIT_FROM_ID'", 'counts.groups_inheriting_mock_monitoring_active': "000904 (42000): SQL compilation error: error line 1 at position 253\ninvalid identifier 'SERVICES.GROUP_ID'", 'counts.projects_packagist_active': 3594, 'counts.groups_packagist_active': "000904 (42000): SQL compilation error: error line 1 at position 236\ninvalid identifier 'SERVICES.GROUP_ID'", 'counts.templates_packagist_active': 0, 'counts.instances_packagist_active': "000904 (42000): SQL compilation error: error line 1 at position 239\ninvalid identifier 'SERVICES.INSTANCE'", 'counts.projects_inheriting_packagist_active': "000904 (42000): SQL compilation error: error line 1 at position 285\ninvalid identifier 'SERVICES.INHERIT_FROM_ID'", 'counts.groups_inheriting_packagist_active': "000904 (42000): SQL compilation error: error line 1 at position 247\ninvalid identifier 'SERVICES.GROUP_ID'", 'counts.projects_pipelines_email_active': 14343, 'counts.groups_pipelines_email_active': "000904 (42000): SQL compilation error: error line 1 at position 242\ninvalid identifier 'SERVICES.GROUP_ID'", 'counts.templates_pipelines_email_active': 0, 'counts.instances_pipelines_email_active': "000904 (42000): SQL compilation error: error line 1 at position 245\ninvalid identifier 'SERVICES.INSTANCE'", 'counts.projects_inheriting_pipelines_email_active': "000904 (42000): SQL compilation error: error line 1 at position 291\ninvalid identifier 'SERVICES.INHERIT_FROM_ID'", 'counts.groups_inheriting_pipelines_email_active': "000904 (42000): SQL compilation error: error line 1 at position 253\ninvalid identifier 'SERVICES.GROUP_ID'", 'counts.projects_pivotaltracker_active': 1760, 'counts.groups_pivotaltracker_active': "000904 (42000): SQL compilation error: error line 1 at position 241\ninvalid identifier 'SERVICES.GROUP_ID'", 'counts.templates_pivotaltracker_active': 0, 'counts.instances_pivotaltracker_active': "000904 (42000): SQL compilation error: error line 1 at position 244\ninvalid identifier 'SERVICES.INSTANCE'", 'counts.projects_inheriting_pivotaltracker_active': "000904 (42000): SQL compilation error: error line 1 at position 290\ninvalid identifier 'SERVICES.INHERIT_FROM_ID'", 'counts.groups_inheriting_pivotaltracker_active': "000904 (42000): SQL compilation error: error line 1 at position 252\ninvalid identifier 'SERVICES.GROUP_ID'", 'counts.projects_prometheus_active': 59452, 'counts.groups_prometheus_active': "000904 (42000): SQL compilation error: error line 1 at position 237\ninvalid identifier 'SERVICES.GROUP_ID'", 'counts.templates_prometheus_active': 0, 'counts.instances_prometheus_active': "000904 (42000): SQL compilation error: error line 1 at position 240\ninvalid identifier 'SERVICES.INSTANCE'", 'counts.projects_inheriting_prometheus_active': "000904 (42000): SQL compilation error: error line 1 at position 286\ninvalid identifier 'SERVICES.INHERIT_FROM_ID'", 'counts.groups_inheriting_prometheus_active': "000904 (42000): SQL compilation error: error line 1 at position 248\ninvalid identifier 'SERVICES.GROUP_ID'", 'counts.projects_pushover_active': 663, 'counts.groups_pushover_active': "000904 (42000): SQL compilation error: error line 1 at position 235\ninvalid identifier 'SERVICES.GROUP_ID'", 'counts.templates_pushover_active': 0, 'counts.instances_pushover_active': "000904 (42000): SQL compilation error: error line 1 at position 238\ninvalid identifier 'SERVICES.INSTANCE'", 'counts.projects_inheriting_pushover_active': "000904 (42000): SQL compilation error: error line 1 at position 284\ninvalid identifier 'SERVICES.INHERIT_FROM_ID'", 'counts.groups_inheriting_pushover_active': "000904 (42000): SQL compilation error: error line 1 at position 246\ninvalid identifier 'SERVICES.GROUP_ID'", 'counts.projects_redmine_active': 4209, 'counts.groups_redmine_active': "000904 (42000): SQL compilation error: error line 1 at position 234\ninvalid identifier 'SERVICES.GROUP_ID'", 'counts.templates_redmine_active': 0, 'counts.instances_redmine_active': "000904 (42000): SQL compilation error: error line 1 at position 237\ninvalid identifier 'SERVICES.INSTANCE'", 'counts.projects_inheriting_redmine_active': "000904 (42000): SQL compilation error: error line 1 at position 283\ninvalid identifier 'SERVICES.INHERIT_FROM_ID'", 'counts.groups_inheriting_redmine_active': "000904 (42000): SQL compilation error: error line 1 at position 245\ninvalid identifier 'SERVICES.GROUP_ID'", 'counts.projects_slack_active': 261247, 'counts.groups_slack_active': "000904 (42000): SQL compilation error: error line 1 at position 232\ninvalid identifier 'SERVICES.GROUP_ID'", 'counts.templates_slack_active': 0, 'counts.instances_slack_active': "000904 (42000): SQL compilation error: error line 1 at position 235\ninvalid identifier 'SERVICES.INSTANCE'", 'counts.projects_inheriting_slack_active': "000904 (42000): SQL compilation error: error line 1 at position 281\ninvalid identifier 'SERVICES.INHERIT_FROM_ID'", 'counts.groups_inheriting_slack_active': "000904 (42000): SQL compilation error: error line 1 at position 243\ninvalid identifier 'SERVICES.GROUP_ID'", 'counts.projects_slack_slash_commands_active': 3221, 'counts.groups_slack_slash_commands_active': "000904 (42000): SQL compilation error: error line 1 at position 247\ninvalid identifier 'SERVICES.GROUP_ID'", 'counts.templates_slack_slash_commands_active': 0, 'counts.instances_slack_slash_commands_active': "000904 (42000): SQL compilation error: error line 1 at position 250\ninvalid identifier 'SERVICES.INSTANCE'", 'counts.projects_inheriting_slack_slash_commands_active': "000904 (42000): SQL compilation error: error line 1 at position 296\ninvalid identifier 'SERVICES.INHERIT_FROM_ID'", 'counts.groups_inheriting_slack_slash_commands_active': "000904 (42000): SQL compilation error: error line 1 at position 258\ninvalid identifier 'SERVICES.GROUP_ID'", 'counts.projects_teamcity_active': 1025, 'counts.groups_teamcity_active': "000904 (42000): SQL compilation error: error line 1 at position 235\ninvalid identifier 'SERVICES.GROUP_ID'", 'counts.templates_teamcity_active': 0, 'counts.instances_teamcity_active': "000904 (42000): SQL compilation error: error line 1 at position 238\ninvalid identifier 'SERVICES.INSTANCE'", 'counts.projects_inheriting_teamcity_active': "000904 (42000): SQL compilation error: error line 1 at position 284\ninvalid identifier 'SERVICES.INHERIT_FROM_ID'", 'counts.groups_inheriting_teamcity_active': "000904 (42000): SQL compilation error: error line 1 at position 246\ninvalid identifier 'SERVICES.GROUP_ID'", 'counts.projects_unify_circuit_active': 12, 'counts.groups_unify_circuit_active': "000904 (42000): SQL compilation error: error line 1 at position 240\ninvalid identifier 'SERVICES.GROUP_ID'", 'counts.templates_unify_circuit_active': 0, 'counts.instances_unify_circuit_active': "000904 (42000): SQL compilation error: error line 1 at position 243\ninvalid identifier 'SERVICES.INSTANCE'", 'counts.projects_inheriting_unify_circuit_active': "000904 (42000): SQL compilation error: error line 1 at position 289\ninvalid identifier 'SERVICES.INHERIT_FROM_ID'", 'counts.groups_inheriting_unify_circuit_active': "000904 (42000): SQL compilation error: error line 1 at position 251\ninvalid identifier 'SERVICES.GROUP_ID'", 'counts.projects_webex_teams_active': 111, 'counts.groups_webex_teams_active': "000904 (42000): SQL compilation error: error line 1 at position 238\ninvalid identifier 'SERVICES.GROUP_ID'", 'counts.templates_webex_teams_active': 0, 'counts.instances_webex_teams_active': "000904 (42000): SQL compilation error: error line 1 at position 241\ninvalid identifier 'SERVICES.INSTANCE'", 'counts.projects_inheriting_webex_teams_active': "000904 (42000): SQL compilation error: error line 1 at position 287\ninvalid identifier 'SERVICES.INHERIT_FROM_ID'", 'counts.groups_inheriting_webex_teams_active': "000904 (42000): SQL compilation error: error line 1 at position 249\ninvalid identifier 'SERVICES.GROUP_ID'", 'counts.projects_youtrack_active': 3826, 'counts.groups_youtrack_active': "000904 (42000): SQL compilation error: error line 1 at position 235\ninvalid identifier 'SERVICES.GROUP_ID'", 'counts.templates_youtrack_active': 0, 'counts.instances_youtrack_active': "000904 (42000): SQL compilation error: error line 1 at position 238\ninvalid identifier 'SERVICES.INSTANCE'", 'counts.projects_inheriting_youtrack_active': "000904 (42000): SQL compilation error: error line 1 at position 284\ninvalid identifier 'SERVICES.INHERIT_FROM_ID'", 'counts.groups_inheriting_youtrack_active': "000904 (42000): SQL compilation error: error line 1 at position 246\ninvalid identifier 'SERVICES.GROUP_ID'", 'counts.projects_jira_dvcs_cloud_active': 3374, 'counts.projects_jira_dvcs_server_active': 88942, 'counts.projects_jira_issuelist_active': "001003 (42000): SQL compilation error:\nsyntax error line 1 at position 80 unexpected '{'.\nsyntax error line 1 at position 79 unexpected '.'.", 'counts.jira_imports_total_imported_count': 788, 'counts.jira_imports_projects_count': 571, 'counts.jira_imports_total_imported_issues_count': 231463, 'counts.user_preferences_group_overview_details': 7832799, 'counts.user_preferences_group_overview_security_dashboard': 520, 'counts.projects_with_expiration_policy_disabled': 3593946, 'counts.projects_with_expiration_policy_enabled': 2969298, 'counts.projects_with_expiration_policy_enabled_with_keep_n_set_to_1': 429, 'counts.projects_with_expiration_policy_enabled_with_keep_n_set_to_5': 1475, 'counts.projects_with_expiration_policy_enabled_with_keep_n_set_to_10': 2168059, 'counts.projects_with_expiration_policy_enabled_with_keep_n_set_to_25': 232, 'counts.projects_with_expiration_policy_enabled_with_keep_n_set_to_50': 76, 'counts.projects_with_expiration_policy_enabled_with_keep_n_set_to_100': 172, 'counts.projects_with_expiration_policy_enabled_with_cadence_set_to_1d': 2169052, 'counts.projects_with_expiration_policy_enabled_with_cadence_set_to_7d': 799947, 'counts.projects_with_expiration_policy_enabled_with_cadence_set_to_14d': 110, 'counts.projects_with_expiration_policy_enabled_with_cadence_set_to_1month': 159, 'counts.projects_with_expiration_policy_enabled_with_cadence_set_to_3month': 30, 'counts.projects_with_expiration_policy_enabled_with_older_than_set_to_7d': 1533, 'counts.projects_with_expiration_policy_enabled_with_older_than_set_to_14d': 518, 'counts.projects_with_expiration_policy_enabled_with_older_than_set_to_30d': 1141, 'counts.projects_with_expiration_policy_enabled_with_older_than_set_to_90d': 2167406, 'counts.projects_with_expiration_policy_enabled_with_keep_n_unset': 798855, 'counts.projects_with_expiration_policy_enabled_with_older_than_unset': 798700, 'counts.service_desk_enabled_projects': 17303972, 'counts.service_desk_issues': 0, 'counts.snippets': "001003 (42000): SQL compilation error:\nsyntax error line 1 at position 227 unexpected 'SELECT'.", 'counts.confidential_epics': 7076, 'counts.epics': 157159, 'counts.feature_flags': 2942, 'counts.issues_with_health_status': "000904 (42000): SQL compilation error: error line 1 at position 205\ninvalid identifier 'ISSUES.HEALTH_STATUS'", 'counts.ldap_users': "000904 (42000): SQL compilation error: error line 1 at position 51\ninvalid identifier 'USERS.USERS.ID'", 'counts.merged_merge_requests_using_approval_rules': 13849770, 'counts.projects_mirrored_with_pipelines_enabled': 101695, 'counts.projects_reporting_ci_cd_back_to_github': 86558, 'counts.status_page_projects': 9, 'counts.status_page_issues': 24, 'counts.template_repositories': "001003 (42000): SQL compilation error:\nsyntax error line 1 at position 229 unexpected 'IS'.", 'counts.requirements_created': 8363, 'counts.container_scanning_jobs': 1260495, 'counts.dast_jobs': 443943, 'counts.dependency_scanning_jobs': 1672791, 'counts.license_management_jobs': 643050, 'counts.sast_jobs': 1706987, 'counts.secret_detection_jobs': 472427, 'counts.coverage_fuzzing_jobs': 133, 'counts.api_fuzzing_jobs': 1208, 'counts.api_fuzzing_dnd_jobs': 481, 'counts.dast_on_demand_pipelines': 418, 'counts.operations_dashboard_default_dashboard': 1348, 'counts.operations_dashboard_users_with_projects_added': 8128, 'counts_monthly.deployments': 7263385, 'counts_monthly.successful_deployments': 2891816, 'counts_monthly.failed_deployments': 555738, 'counts_monthly.packages': 112697, 'counts_monthly.personal_snippets': 5350, 'counts_monthly.project_snippets': 3696, 'counts_monthly.projects_with_alerts_created': 47, 'counts_monthly.snippets': "001003 (42000): SQL compilation error:\nsyntax error line 1 at position 329 unexpected 'SELECT'.", 'usage_activity_by_stage.configure.clusters_management_project': "000904 (42000): SQL compilation error: error line 1 at position 254\ninvalid identifier 'CLUSTERS.MANAGEMENT_PROJECT_ID'", 'usage_activity_by_stage.configure.clusters_disabled': 2726, 'usage_activity_by_stage.configure.clusters_enabled': 25257, 'usage_activity_by_stage.configure.clusters_platforms_gke': 8961, 'usage_activity_by_stage.configure.clusters_platforms_eks': 384, 'usage_activity_by_stage.configure.clusters_platforms_user': 15795, 'usage_activity_by_stage.configure.instance_clusters_disabled': 0, 'usage_activity_by_stage.configure.instance_clusters_enabled': 0, 'usage_activity_by_stage.configure.group_clusters_disabled': 583, 'usage_activity_by_stage.configure.group_clusters_enabled': 6314, 'usage_activity_by_stage.configure.project_clusters_disabled': 2227, 'usage_activity_by_stage.configure.project_clusters_enabled': 21108, 'usage_activity_by_stage.configure.projects_slack_notifications_active': 80531, 'usage_activity_by_stage.configure.projects_slack_slash_active': 1126, 'usage_activity_by_stage.configure.projects_with_prometheus_alerts': 18476, 'usage_activity_by_stage.create.merge_requests': 1275449, 'usage_activity_by_stage.create.projects_with_disable_overriding_approvers_per_merge_request': 50691, 'usage_activity_by_stage.create.projects_without_disable_overriding_approvers_per_merge_request': 19805854, 'usage_activity_by_stage.create.remote_mirrors': "001003 (42000): SQL compilation error:\nsyntax error line 1 at position 73 unexpected 'DISTINCT'.", 'usage_activity_by_stage.create.snippets': 86627, 'usage_activity_by_stage.create.projects_enforcing_code_owner_approval': 22941, 'usage_activity_by_stage.create.merge_requests_with_overridden_project_rules': "001003 (42000): SQL compilation error:\nsyntax error line 4 at position 10 unexpected '.'.\nsyntax error line 12 at position 14 unexpected '.'.\nsyntax error line 20 at position 18 unexpected '.'.\nsyntax error line 25 at position 79 unexpected ')'.", 'usage_activity_by_stage.create.projects_imported_from_github': 209580, 'usage_activity_by_stage.create.projects_with_repositories_enabled': 2887576, 'usage_activity_by_stage.create.protected_branches': 2448516, 'usage_activity_by_stage.create.suggestions': 31331, 'usage_activity_by_stage.create.users_using_path_locks': 8086, 'usage_activity_by_stage.create.users_using_lfs_locks': 397, 'usage_activity_by_stage.create.total_number_of_path_locks': 14394, 'usage_activity_by_stage.create.total_number_of_locked_files': 4620, 'usage_activity_by_stage.create.approval_project_rules': 177291, 'usage_activity_by_stage.manage.events': 4534356, 'usage_activity_by_stage.manage.users_created': 7991056, 'usage_activity_by_stage.manage.projects_imported.total': 496768, 'usage_activity_by_stage.manage.projects_imported.gitlab_project': 219181, 'usage_activity_by_stage.manage.projects_imported.gitlab': 0, 'usage_activity_by_stage.manage.projects_imported.github': 209580, 'usage_activity_by_stage.manage.projects_imported.bitbucket': 68259, 'usage_activity_by_stage.manage.projects_imported.bitbucket_server': 841, 'usage_activity_by_stage.manage.projects_imported.gitea': 511, 'usage_activity_by_stage.manage.projects_imported.git': 35731, 'usage_activity_by_stage.manage.projects_imported.manifest': 169, 'usage_activity_by_stage.manage.issues_imported.jira': 424, 'usage_activity_by_stage.manage.issues_imported.fogbugz': 66, 'usage_activity_by_stage.manage.issues_imported.phabricator': 0, 'usage_activity_by_stage.manage.issues_imported.csv': 1264, 'usage_activity_by_stage.manage.groups_imported': 527, 'usage_activity_by_stage.manage.value_stream_management_customized_group_stages': 392, 'usage_activity_by_stage.manage.projects_with_compliance_framework': 2056, 'usage_activity_by_stage.monitor.clusters': 26628, 'usage_activity_by_stage.monitor.operations_dashboard_default_dashboard': 1348, 'usage_activity_by_stage.monitor.projects_with_tracing_enabled': 149, 'usage_activity_by_stage.monitor.projects_with_error_tracking_enabled': 3896, 'usage_activity_by_stage.monitor.projects_with_incidents': 5819, 'usage_activity_by_stage.monitor.projects_with_alert_incidents': 106, 'usage_activity_by_stage.monitor.operations_dashboard_users_with_projects_added': 8128, 'usage_activity_by_stage.monitor.projects_incident_sla_enabled': 13, 'usage_activity_by_stage.package.projects_with_packages': 10602, 'usage_activity_by_stage.plan.issues': 940382, 'usage_activity_by_stage.plan.notes': 1801545, 'usage_activity_by_stage.plan.projects': 2925878, 'usage_activity_by_stage.plan.todos': 1158528, 'usage_activity_by_stage.plan.service_desk_enabled_projects': 2619223, 'usage_activity_by_stage.plan.service_desk_issues': 0, 'usage_activity_by_stage.plan.projects_jira_active': 24116, 'usage_activity_by_stage.plan.projects_jira_dvcs_cloud_active': 120, 'usage_activity_by_stage.plan.projects_jira_dvcs_server_active': 3613, 'usage_activity_by_stage.plan.epics': 8477, 'usage_activity_by_stage.release.deployments': 215866, 'usage_activity_by_stage.release.failed_deployments': 140524, 'usage_activity_by_stage.release.releases': 97011, 'usage_activity_by_stage.release.successful_deployments': 185571, 'usage_activity_by_stage.release.projects_mirrored_with_pipelines_enabled': 29727, 'usage_activity_by_stage.secure.user_preferences_group_overview_security_dashboard': 520, 'usage_activity_by_stage.secure.user_container_scanning_jobs': 94871, 'usage_activity_by_stage.secure.user_dast_jobs': 13389, 'usage_activity_by_stage.secure.user_dependency_scanning_jobs': 91862, 'usage_activity_by_stage.secure.user_license_management_jobs': 82202, 'usage_activity_by_stage.secure.user_sast_jobs': 93484, 'usage_activity_by_stage.secure.user_secret_detection_jobs': 16834, 'usage_activity_by_stage.secure.user_coverage_fuzzing_jobs': 13, 'usage_activity_by_stage.secure.user_api_fuzzing_jobs': 70, 'usage_activity_by_stage.secure.user_api_fuzzing_dnd_jobs': 13, 'usage_activity_by_stage.secure.user_unique_users_all_secure_scanners': 123148, 'usage_activity_by_stage.verify.ci_builds': 1471149, 'usage_activity_by_stage.verify.ci_external_pipelines': 66421, 'usage_activity_by_stage.verify.ci_internal_pipelines': 1400308, 'usage_activity_by_stage.verify.ci_pipeline_config_auto_devops': 355739, 'usage_activity_by_stage.verify.ci_pipeline_config_repository': 1141867, 'usage_activity_by_stage.verify.ci_pipeline_schedules': 24569, 'usage_activity_by_stage.verify.ci_pipelines': 1429473, 'usage_activity_by_stage.verify.ci_triggers': 26344, 'usage_activity_by_stage.verify.projects_reporting_ci_cd_back_to_github': 31041, 'usage_activity_by_stage_monthly.configure.clusters_management_project': "000904 (42000): SQL compilation error: error line 1 at position 262\ninvalid identifier 'CLUSTERS.MANAGEMENT_PROJECT_ID'", 'usage_activity_by_stage_monthly.configure.clusters_disabled': 72, 'usage_activity_by_stage_monthly.configure.clusters_enabled': 1345, 'usage_activity_by_stage_monthly.configure.clusters_platforms_gke': 282, 'usage_activity_by_stage_monthly.configure.clusters_platforms_eks': 26, 'usage_activity_by_stage_monthly.configure.clusters_platforms_user': 930, 'usage_activity_by_stage_monthly.configure.instance_clusters_disabled': 0, 'usage_activity_by_stage_monthly.configure.instance_clusters_enabled': 0, 'usage_activity_by_stage_monthly.configure.group_clusters_disabled': 28, 'usage_activity_by_stage_monthly.configure.group_clusters_enabled': 587, 'usage_activity_by_stage_monthly.configure.project_clusters_disabled': 47, 'usage_activity_by_stage_monthly.configure.project_clusters_enabled': 843, 'usage_activity_by_stage_monthly.configure.projects_slack_notifications_active': 2475, 'usage_activity_by_stage_monthly.configure.projects_slack_slash_active': 48, 'usage_activity_by_stage_monthly.configure.projects_with_prometheus_alerts': 1400, 'usage_activity_by_stage_monthly.create.merge_requests': 222511, 'usage_activity_by_stage_monthly.create.projects_with_disable_overriding_approvers_per_merge_request': 2810, 'usage_activity_by_stage_monthly.create.projects_without_disable_overriding_approvers_per_merge_request': 550902, 'usage_activity_by_stage_monthly.create.remote_mirrors': "001003 (42000): SQL compilation error:\nsyntax error line 1 at position 81 unexpected 'DISTINCT'.", 'usage_activity_by_stage_monthly.create.snippets': 3436, 'usage_activity_by_stage_monthly.create.projects_enforcing_code_owner_approval': 1656, 'usage_activity_by_stage_monthly.create.merge_requests_with_overridden_project_rules': "001003 (42000): SQL compilation error:\nsyntax error line 4 at position 10 unexpected '.'.\nsyntax error line 12 at position 14 unexpected '.'.\nsyntax error line 20 at position 18 unexpected '.'.\nsyntax error line 25 at position 79 unexpected ')'.", 'usage_activity_by_stage_monthly.create.projects_imported_from_github': 4652, 'usage_activity_by_stage_monthly.create.projects_with_repositories_enabled': 213278, 'usage_activity_by_stage_monthly.create.protected_branches': 199842, 'usage_activity_by_stage_monthly.create.suggestions': 6420, 'usage_activity_by_stage_monthly.create.users_using_path_locks': 133, 'usage_activity_by_stage_monthly.create.users_using_lfs_locks': 25, 'usage_activity_by_stage_monthly.create.total_number_of_path_locks': 219, 'usage_activity_by_stage_monthly.create.total_number_of_locked_files': 66, 'usage_activity_by_stage_monthly.create.approval_project_rules': 177291, 'usage_activity_by_stage_monthly.manage.events': 795150, 'usage_activity_by_stage_monthly.manage.users_created': 177266, 'usage_activity_by_stage_monthly.manage.projects_imported.total': 30230, 'usage_activity_by_stage_monthly.manage.projects_imported.gitlab_project': 21181, 'usage_activity_by_stage_monthly.manage.projects_imported.gitlab': 0, 'usage_activity_by_stage_monthly.manage.projects_imported.github': 4652, 'usage_activity_by_stage_monthly.manage.projects_imported.bitbucket': 944, 'usage_activity_by_stage_monthly.manage.projects_imported.bitbucket_server': 62, 'usage_activity_by_stage_monthly.manage.projects_imported.gitea': 11, 'usage_activity_by_stage_monthly.manage.projects_imported.git': 3912, 'usage_activity_by_stage_monthly.manage.projects_imported.manifest': 3, 'usage_activity_by_stage_monthly.manage.issues_imported.jira': 50, 'usage_activity_by_stage_monthly.manage.issues_imported.fogbugz': 1, 'usage_activity_by_stage_monthly.manage.issues_imported.phabricator': 0, 'usage_activity_by_stage_monthly.manage.issues_imported.csv': 325, 'usage_activity_by_stage_monthly.manage.groups_imported': 46, 'usage_activity_by_stage_monthly.manage.value_stream_management_customized_group_stages': 392, 'usage_activity_by_stage_monthly.manage.projects_with_compliance_framework': 2056, 'usage_activity_by_stage_monthly.monitor.clusters': 1381, 'usage_activity_by_stage_monthly.monitor.operations_dashboard_default_dashboard': 12, 'usage_activity_by_stage_monthly.monitor.projects_with_tracing_enabled': 7, 'usage_activity_by_stage_monthly.monitor.projects_with_error_tracking_enabled': 45, 'usage_activity_by_stage_monthly.monitor.projects_with_incidents': 1194, 'usage_activity_by_stage_monthly.monitor.projects_with_alert_incidents': 20, 'usage_activity_by_stage_monthly.monitor.operations_dashboard_users_with_projects_added': 243, 'usage_activity_by_stage_monthly.monitor.projects_incident_sla_enabled': 13, 'usage_activity_by_stage_monthly.package.projects_with_packages': 1374, 'usage_activity_by_stage_monthly.plan.issues': 100167, 'usage_activity_by_stage_monthly.plan.notes': 308325, 'usage_activity_by_stage_monthly.plan.projects': 217424, 'usage_activity_by_stage_monthly.plan.todos': 219249, 'usage_activity_by_stage_monthly.plan.service_desk_enabled_projects': 215862, 'usage_activity_by_stage_monthly.plan.service_desk_issues': 0, 'usage_activity_by_stage_monthly.plan.projects_jira_active': 2137, 'usage_activity_by_stage_monthly.plan.projects_jira_dvcs_cloud_active': 0, 'usage_activity_by_stage_monthly.plan.projects_jira_dvcs_server_active': 549, 'usage_activity_by_stage_monthly.plan.epics': 1276, 'usage_activity_by_stage_monthly.release.deployments': 61581, 'usage_activity_by_stage_monthly.release.failed_deployments': 32714, 'usage_activity_by_stage_monthly.release.releases': 16827, 'usage_activity_by_stage_monthly.release.successful_deployments': 53711, 'usage_activity_by_stage_monthly.release.projects_mirrored_with_pipelines_enabled': 1101, 'usage_activity_by_stage_monthly.secure.user_preferences_group_overview_security_dashboard': 12, 'usage_activity_by_stage_monthly.secure.user_container_scanning_jobs': 4100, 'usage_activity_by_stage_monthly.secure.user_dast_jobs': 976, 'usage_activity_by_stage_monthly.secure.user_dependency_scanning_jobs': 1840, 'usage_activity_by_stage_monthly.secure.user_license_management_jobs': 55, 'usage_activity_by_stage_monthly.secure.user_sast_jobs': 729, 'usage_activity_by_stage_monthly.secure.user_secret_detection_jobs': 5556, 'usage_activity_by_stage_monthly.secure.user_coverage_fuzzing_jobs': 5, 'usage_activity_by_stage_monthly.secure.user_api_fuzzing_jobs': 27, 'usage_activity_by_stage_monthly.secure.user_api_fuzzing_dnd_jobs': 10, 'usage_activity_by_stage_monthly.secure.user_unique_users_all_secure_scanners': 11097, 'usage_activity_by_stage_monthly.verify.ci_builds': 359948, 'usage_activity_by_stage_monthly.verify.ci_external_pipelines': 8546, 'usage_activity_by_stage_monthly.verify.ci_internal_pipelines': 201959, 'usage_activity_by_stage_monthly.verify.ci_pipeline_config_auto_devops': 3908, 'usage_activity_by_stage_monthly.verify.ci_pipeline_config_repository': 199235, 'usage_activity_by_stage_monthly.verify.ci_pipeline_schedules': 1666, 'usage_activity_by_stage_monthly.verify.ci_pipelines': 207891, 'usage_activity_by_stage_monthly.verify.ci_triggers': 630, 'usage_activity_by_stage_monthly.verify.projects_reporting_ci_cd_back_to_github': 674}
